[2021-03-02 16:09:30] INFO  WEBrick 1.4.2
[2021-03-02 16:09:30] INFO  ruby 2.5.5 (2019-03-15) [x86_64-linux-gnu]
== Sinatra (v2.1.0) has taken the stage on 4567 for development with backup from WEBrick
[2021-03-02 16:09:30] INFO  WEBrick::HTTPServer#start: pid=629 port=4567
::1 - - [02/Mar/2021:16:19:11 -0600] "GET /cstyle.css HTTP/1.1" 404 468 0.2415
::1 - - [02/Mar/2021:16:19:11 -0600] "GET /css/lstyle.css HTTP/1.1" 200 232 0.3247
::1 - - [02/Mar/2021:16:19:11 CST] "GET /cstyle.css HTTP/1.1" 404 468
http://localhost:4567/ -> /cstyle.css
::1 - - [02/Mar/2021:16:19:11 CST] "GET /css/lstyle.css HTTP/1.1" 200 0
http://localhost:4567/ -> /css/lstyle.css
::1 - - [02/Mar/2021:16:21:22 -0600] "POST /delete HTTP/1.1" 200 26285 0.1005
::1 - - [02/Mar/2021:16:21:22 CST] "POST /delete HTTP/1.1" 200 26285
http://localhost:4567/ -> /delete
::1 - - [02/Mar/2021:16:21:23 -0600] "GET /cstyle.css HTTP/1.1" 404 468 0.0010
::1 - - [02/Mar/2021:16:21:23 CST] "GET /cstyle.css HTTP/1.1" 404 468
http://localhost:4567/delete -> /cstyle.css
::1 - - [02/Mar/2021:22:29:31 -0600] "POST /history HTTP/1.1" 200 28048 0.0092
::1 - - [02/Mar/2021:22:29:31 CST] "POST /history HTTP/1.1" 200 28048
http://localhost:4567/delete -> /history
::1 - - [02/Mar/2021:22:29:32 -0600] "GET /cstyle.css HTTP/1.1" 404 468 0.0033
::1 - - [02/Mar/2021:22:29:32 CST] "GET /cstyle.css HTTP/1.1" 404 468
http://localhost:4567/history -> /cstyle.css
::1 - - [02/Mar/2021:22:29:32 -0600] "GET /history.json HTTP/1.1" 200 1391 0.0009
::1 - - [02/Mar/2021:22:29:32 CST] "GET /history.json HTTP/1.1" 200 1391
http://localhost:4567/history -> /history.json
::1 - - [02/Mar/2021:22:29:32 -0600] "GET /favicon.ico HTTP/1.1" 404 469 0.0009
::1 - - [02/Mar/2021:22:29:32 CST] "GET /favicon.ico HTTP/1.1" 404 469
- -> /favicon.ico
::1 - - [02/Mar/2021:22:59:35 -0600] "POST /history HTTP/1.1" 200 29804 0.0064
::1 - - [02/Mar/2021:22:59:35 CST] "POST /history HTTP/1.1" 200 29804
http://localhost:4567/history -> /history
::1 - - [02/Mar/2021:22:59:35 -0600] "GET /css/lstyle.css HTTP/1.1" 200 232 0.0012
::1 - - [02/Mar/2021:22:59:35 CST] "GET /css/lstyle.css HTTP/1.1" 200 0
http://localhost:4567/history -> /css/lstyle.css
::1 - - [02/Mar/2021:22:59:35 -0600] "GET /cstyle.css HTTP/1.1" 404 468 0.0007
::1 - - [02/Mar/2021:22:59:35 CST] "GET /cstyle.css HTTP/1.1" 404 468
http://localhost:4567/history -> /cstyle.css
::1 - - [02/Mar/2021:22:59:35 -0600] "GET /calendar.js HTTP/1.1" 200 6173 0.0007
::1 - - [02/Mar/2021:22:59:35 CST] "GET /calendar.js HTTP/1.1" 200 6173
http://localhost:4567/history -> /calendar.js
::1 - - [02/Mar/2021:22:59:35 -0600] "GET /history.json HTTP/1.1" 200 1516 0.0008
::1 - - [02/Mar/2021:22:59:35 CST] "GET /history.json HTTP/1.1" 200 1516
http://localhost:4567/history -> /history.json
::1 - - [02/Mar/2021:22:59:35 -0600] "GET /favicon.ico HTTP/1.1" 404 469 0.0010
::1 - - [02/Mar/2021:22:59:35 CST] "GET /favicon.ico HTTP/1.1" 404 0
- -> /favicon.ico
::1 - - [02/Mar/2021:23:47:56 -0600] "GET / HTTP/1.1" 200 31564 0.0069
::1 - - [02/Mar/2021:23:47:56 CST] "GET / HTTP/1.1" 200 31564
http://localhost:4567/history -> /
::1 - - [02/Mar/2021:23:47:57 -0600] "GET /cstyle.css HTTP/1.1" 404 468 0.0008
::1 - - [02/Mar/2021:23:47:57 CST] "GET /cstyle.css HTTP/1.1" 404 468
http://localhost:4567/ -> /cstyle.css
::1 - - [02/Mar/2021:23:47:57 -0600] "GET /history.json HTTP/1.1" 200 1804 0.0005
::1 - - [02/Mar/2021:23:47:57 CST] "GET /history.json HTTP/1.1" 200 1804
http://localhost:4567/ -> /history.json
::1 - - [02/Mar/2021:23:47:57 -0600] "GET /favicon.ico HTTP/1.1" 404 469 0.0009
::1 - - [02/Mar/2021:23:47:57 CST] "GET /favicon.ico HTTP/1.1" 404 0
- -> /favicon.ico
::1 - - [02/Mar/2021:23:54:03 -0600] "POST /delete HTTP/1.1" 200 29808 0.0077
::1 - - [02/Mar/2021:23:54:03 CST] "POST /delete HTTP/1.1" 200 29808
http://localhost:4567/ -> /delete
::1 - - [02/Mar/2021:23:54:03 -0600] "GET /cstyle.css HTTP/1.1" 404 468 0.0008
::1 - - [02/Mar/2021:23:54:03 CST] "GET /cstyle.css HTTP/1.1" 404 468
http://localhost:4567/delete -> /cstyle.css
::1 - - [02/Mar/2021:23:54:04 -0600] "GET /history.json HTTP/1.1" 200 1520 0.0007
::1 - - [02/Mar/2021:23:54:04 CST] "GET /history.json HTTP/1.1" 200 1520
http://localhost:4567/delete -> /history.json
::1 - - [02/Mar/2021:23:54:04 -0600] "GET /favicon.ico HTTP/1.1" 404 469 0.0008
::1 - - [02/Mar/2021:23:54:04 CST] "GET /favicon.ico HTTP/1.1" 404 0
- -> /favicon.ico
::1 - - [02/Mar/2021:23:54:07 -0600] "POST /delete HTTP/1.1" 200 28048 0.0047
::1 - - [02/Mar/2021:23:54:07 CST] "POST /delete HTTP/1.1" 200 28048
http://localhost:4567/delete -> /delete
::1 - - [02/Mar/2021:23:54:08 -0600] "GET /cstyle.css HTTP/1.1" 404 468 0.0034
::1 - - [02/Mar/2021:23:54:08 CST] "GET /cstyle.css HTTP/1.1" 404 468
http://localhost:4567/delete -> /cstyle.css
::1 - - [02/Mar/2021:23:54:08 -0600] "GET /history.json HTTP/1.1" 200 1391 0.0008
::1 - - [02/Mar/2021:23:54:08 CST] "GET /history.json HTTP/1.1" 200 1391
http://localhost:4567/delete -> /history.json
::1 - - [02/Mar/2021:23:54:08 -0600] "GET /favicon.ico HTTP/1.1" 404 469 0.0009
::1 - - [02/Mar/2021:23:54:08 CST] "GET /favicon.ico HTTP/1.1" 404 0
- -> /favicon.ico
::1 - - [02/Mar/2021:23:54:11 -0600] "POST /delete HTTP/1.1" 200 26285 0.0059
::1 - - [02/Mar/2021:23:54:11 CST] "POST /delete HTTP/1.1" 200 26285
http://localhost:4567/delete -> /delete
::1 - - [02/Mar/2021:23:54:11 -0600] "GET /cstyle.css HTTP/1.1" 404 468 0.0009
::1 - - [02/Mar/2021:23:54:11 CST] "GET /cstyle.css HTTP/1.1" 404 468
http://localhost:4567/delete -> /cstyle.css
::1 - - [02/Mar/2021:23:54:11 -0600] "GET /history.json HTTP/1.1" 200 1259 0.0007
::1 - - [02/Mar/2021:23:54:11 CST] "GET /history.json HTTP/1.1" 200 1259
http://localhost:4567/delete -> /history.json
::1 - - [02/Mar/2021:23:54:11 -0600] "GET /favicon.ico HTTP/1.1" 404 469 0.0009
::1 - - [02/Mar/2021:23:54:11 CST] "GET /favicon.ico HTTP/1.1" 404 0
- -> /favicon.ico
::1 - - [03/Mar/2021:00:36:49 -0600] "GET / HTTP/1.1" 200 31555 0.0072
::1 - - [03/Mar/2021:00:36:49 CST] "GET / HTTP/1.1" 200 31555
http://localhost:4567/delete -> /
::1 - - [03/Mar/2021:00:36:49 -0600] "GET /cstyle.css HTTP/1.1" 404 468 0.0009
::1 - - [03/Mar/2021:00:36:49 CST] "GET /cstyle.css HTTP/1.1" 404 468
http://localhost:4567/ -> /cstyle.css
::1 - - [03/Mar/2021:00:36:49 -0600] "GET /history.json HTTP/1.1" 200 1795 0.0007
::1 - - [03/Mar/2021:00:36:49 CST] "GET /history.json HTTP/1.1" 200 1795
http://localhost:4567/ -> /history.json
::1 - - [03/Mar/2021:00:36:49 -0600] "GET /favicon.ico HTTP/1.1" 404 469 0.0010
::1 - - [03/Mar/2021:00:36:49 CST] "GET /favicon.ico HTTP/1.1" 404 0
- -> /favicon.ico
::1 - - [03/Mar/2021:00:40:42 -0600] "POST /delete HTTP/1.1" 200 29804 0.0054
::1 - - [03/Mar/2021:00:40:42 CST] "POST /delete HTTP/1.1" 200 29804
http://localhost:4567/ -> /delete
::1 - - [03/Mar/2021:00:40:42 -0600] "GET /cstyle.css HTTP/1.1" 404 468 0.0008
::1 - - [03/Mar/2021:00:40:42 CST] "GET /cstyle.css HTTP/1.1" 404 468
http://localhost:4567/delete -> /cstyle.css
::1 - - [03/Mar/2021:00:40:42 -0600] "GET /history.json HTTP/1.1" 200 1516 0.0007
::1 - - [03/Mar/2021:00:40:42 CST] "GET /history.json HTTP/1.1" 200 1516
http://localhost:4567/delete -> /history.json
::1 - - [03/Mar/2021:00:40:48 -0600] "POST /delete HTTP/1.1" 200 28046 0.0056
::1 - - [03/Mar/2021:00:40:48 CST] "POST /delete HTTP/1.1" 200 28046
http://localhost:4567/delete -> /delete
::1 - - [03/Mar/2021:00:40:48 -0600] "GET /cstyle.css HTTP/1.1" 404 468 0.0009
::1 - - [03/Mar/2021:00:40:48 CST] "GET /cstyle.css HTTP/1.1" 404 468
http://localhost:4567/delete -> /cstyle.css
::1 - - [03/Mar/2021:00:40:48 -0600] "GET /history.json HTTP/1.1" 200 1389 0.0045
::1 - - [03/Mar/2021:00:40:48 CST] "GET /history.json HTTP/1.1" 200 1389
http://localhost:4567/delete -> /history.json
::1 - - [03/Mar/2021:00:40:53 -0600] "POST /delete HTTP/1.1" 200 26285 0.0051
::1 - - [03/Mar/2021:00:40:53 CST] "POST /delete HTTP/1.1" 200 26285
http://localhost:4567/delete -> /delete
::1 - - [03/Mar/2021:00:40:53 -0600] "GET /cstyle.css HTTP/1.1" 404 468 0.0012
::1 - - [03/Mar/2021:00:40:53 CST] "GET /cstyle.css HTTP/1.1" 404 468
http://localhost:4567/delete -> /cstyle.css
::1 - - [03/Mar/2021:00:40:53 -0600] "GET /history.json HTTP/1.1" 200 1259 0.0009
::1 - - [03/Mar/2021:00:40:53 CST] "GET /history.json HTTP/1.1" 200 1259
http://localhost:4567/delete -> /history.json
::1 - - [03/Mar/2021:00:41:55 -0600] "POST /delete HTTP/1.1" 200 24480 0.0067
::1 - - [03/Mar/2021:00:41:55 CST] "POST /delete HTTP/1.1" 200 24480
http://localhost:4567/delete -> /delete
::1 - - [03/Mar/2021:00:41:55 -0600] "GET /css/lstyle.css HTTP/1.1" 304 - 0.0009
::1 - - [03/Mar/2021:00:41:55 CST] "GET /css/lstyle.css HTTP/1.1" 304 0
http://localhost:4567/delete -> /css/lstyle.css
::1 - - [03/Mar/2021:00:41:55 -0600] "GET /cstyle.css HTTP/1.1" 404 468 0.0011
::1 - - [03/Mar/2021:00:41:55 CST] "GET /cstyle.css HTTP/1.1" 404 468
http://localhost:4567/delete -> /cstyle.css
::1 - - [03/Mar/2021:00:41:55 -0600] "GET /calendar.js HTTP/1.1" 304 - 0.0008
::1 - - [03/Mar/2021:00:41:55 CST] "GET /calendar.js HTTP/1.1" 304 0
http://localhost:4567/delete -> /calendar.js
::1 - - [03/Mar/2021:00:41:55 -0600] "GET /history.json HTTP/1.1" 200 1085 0.0008
::1 - - [03/Mar/2021:00:41:55 CST] "GET /history.json HTTP/1.1" 200 1085
http://localhost:4567/delete -> /history.json
::1 - - [03/Mar/2021:00:43:05 -0600] "POST /history HTTP/1.1" 200 26257 0.0069
::1 - - [03/Mar/2021:00:43:05 CST] "POST /history HTTP/1.1" 200 26257
http://localhost:4567/delete -> /history
::1 - - [03/Mar/2021:00:43:05 -0600] "GET /cstyle.css HTTP/1.1" 404 468 0.0047
::1 - - [03/Mar/2021:00:43:05 CST] "GET /cstyle.css HTTP/1.1" 404 468
http://localhost:4567/history -> /cstyle.css
::1 - - [03/Mar/2021:00:43:05 -0600] "GET /history.json HTTP/1.1" 200 1231 0.0015
::1 - - [03/Mar/2021:00:43:05 CST] "GET /history.json HTTP/1.1" 200 1231
http://localhost:4567/history -> /history.json
::1 - - [03/Mar/2021:00:43:12 -0600] "GET / HTTP/1.1" 200 26257 0.0050
::1 - - [03/Mar/2021:00:43:12 CST] "GET / HTTP/1.1" 200 26257
http://localhost:4567/history -> /
::1 - - [03/Mar/2021:00:43:12 -0600] "GET /cstyle.css HTTP/1.1" 404 468 0.0010
::1 - - [03/Mar/2021:00:43:12 CST] "GET /cstyle.css HTTP/1.1" 404 468
http://localhost:4567/ -> /cstyle.css
::1 - - [03/Mar/2021:00:43:12 -0600] "GET /history.json HTTP/1.1" 304 - 0.0005
::1 - - [03/Mar/2021:00:43:12 CST] "GET /history.json HTTP/1.1" 304 0
http://localhost:4567/ -> /history.json
::1 - - [03/Mar/2021:00:43:23 -0600] "GET /history HTTP/1.1" 200 20875 0.0045
::1 - - [03/Mar/2021:00:43:23 CST] "GET /history HTTP/1.1" 200 20875
http://localhost:4567/ -> /history
::1 - - [03/Mar/2021:00:43:24 -0600] "GET /cstyle.css HTTP/1.1" 404 468 0.0021
::1 - - [03/Mar/2021:00:43:24 CST] "GET /cstyle.css HTTP/1.1" 404 468
http://localhost:4567/history -> /cstyle.css
::1 - - [03/Mar/2021:00:43:24 -0600] "GET /history.json HTTP/1.1" 304 - 0.0007
::1 - - [03/Mar/2021:00:43:24 CST] "GET /history.json HTTP/1.1" 304 0
http://localhost:4567/history -> /history.json
::1 - - [03/Mar/2021:00:45:25 -0600] "GET /history HTTP/1.1" 200 22232 0.0038
::1 - - [03/Mar/2021:00:45:25 CST] "GET /history HTTP/1.1" 200 22232
http://localhost:4567/history -> /history
::1 - - [03/Mar/2021:00:45:25 -0600] "GET /cstyle.css HTTP/1.1" 404 468 0.0011
::1 - - [03/Mar/2021:00:45:25 CST] "GET /cstyle.css HTTP/1.1" 404 468
http://localhost:4567/history -> /cstyle.css
::1 - - [03/Mar/2021:00:45:26 -0600] "GET /history.json HTTP/1.1" 200 1488 0.0006
::1 - - [03/Mar/2021:00:45:26 CST] "GET /history.json HTTP/1.1" 200 1488
http://localhost:4567/history -> /history.json
::1 - - [03/Mar/2021:00:56:52 -0600] "GET / HTTP/1.1" 200 28010 0.0064
::1 - - [03/Mar/2021:00:56:52 CST] "GET / HTTP/1.1" 200 28010
http://localhost:4567/history -> /
::1 - - [03/Mar/2021:00:56:52 -0600] "GET /cstyle.css HTTP/1.1" 404 468 0.0010
::1 - - [03/Mar/2021:00:56:52 CST] "GET /cstyle.css HTTP/1.1" 404 468
http://localhost:4567/ -> /cstyle.css
::1 - - [03/Mar/2021:00:56:52 -0600] "GET /history.json HTTP/1.1" 304 - 0.0011
::1 - - [03/Mar/2021:00:56:52 CST] "GET /history.json HTTP/1.1" 304 0
http://localhost:4567/ -> /history.json
::1 - - [03/Mar/2021:00:56:56 -0600] "POST /history HTTP/1.1" 200 29753 0.0053
::1 - - [03/Mar/2021:00:56:56 CST] "POST /history HTTP/1.1" 200 29753
http://localhost:4567/ -> /history
::1 - - [03/Mar/2021:00:56:57 -0600] "GET /cstyle.css HTTP/1.1" 404 468 0.0009
::1 - - [03/Mar/2021:00:56:57 CST] "GET /cstyle.css HTTP/1.1" 404 468
http://localhost:4567/history -> /cstyle.css
::1 - - [03/Mar/2021:01:04:09 -0600] "GET / HTTP/1.1" 200 29753 0.0068
::1 - - [03/Mar/2021:01:04:09 CST] "GET / HTTP/1.1" 200 29753
http://localhost:4567/history -> /
::1 - - [03/Mar/2021:01:04:09 -0600] "GET /cstyle.css HTTP/1.1" 404 468 0.0009
::1 - - [03/Mar/2021:01:04:09 CST] "GET /cstyle.css HTTP/1.1" 404 468
http://localhost:4567/ -> /cstyle.css
::1 - - [03/Mar/2021:01:04:09 -0600] "GET /history.json HTTP/1.1" 200 1465 0.0007
::1 - - [03/Mar/2021:01:04:09 CST] "GET /history.json HTTP/1.1" 200 1465
http://localhost:4567/ -> /history.json
::1 - - [03/Mar/2021:01:04:29 -0600] "GET / HTTP/1.1" 200 29753 0.0052
::1 - - [03/Mar/2021:01:04:29 CST] "GET / HTTP/1.1" 200 29753
http://localhost:4567/history -> /
::1 - - [03/Mar/2021:01:04:30 -0600] "GET /css/lstyle.css HTTP/1.1" 304 - 0.0006
::1 - - [03/Mar/2021:01:04:30 CST] "GET /css/lstyle.css HTTP/1.1" 304 0
http://localhost:4567/ -> /css/lstyle.css
::1 - - [03/Mar/2021:01:04:30 -0600] "GET /cstyle.css HTTP/1.1" 404 468 0.0008
::1 - - [03/Mar/2021:01:04:30 CST] "GET /cstyle.css HTTP/1.1" 404 468
http://localhost:4567/ -> /cstyle.css
::1 - - [03/Mar/2021:01:04:30 -0600] "GET /calendar.js HTTP/1.1" 304 - 0.0008
::1 - - [03/Mar/2021:01:04:30 CST] "GET /calendar.js HTTP/1.1" 304 0
http://localhost:4567/ -> /calendar.js
::1 - - [03/Mar/2021:01:04:30 -0600] "GET /history.json HTTP/1.1" 304 - 0.0004
::1 - - [03/Mar/2021:01:04:30 CST] "GET /history.json HTTP/1.1" 304 0
http://localhost:4567/ -> /history.json
::1 - - [03/Mar/2021:01:13:35 -0600] "GET / HTTP/1.1" 200 34994 0.0055
::1 - - [03/Mar/2021:01:13:35 CST] "GET / HTTP/1.1" 200 34994
http://localhost:4567/history -> /
::1 - - [03/Mar/2021:01:13:35 -0600] "GET /css/lstyle.css HTTP/1.1" 304 - 0.0007
::1 - - [03/Mar/2021:01:13:35 CST] "GET /css/lstyle.css HTTP/1.1" 304 0
http://localhost:4567/ -> /css/lstyle.css
::1 - - [03/Mar/2021:01:13:35 -0600] "GET /calendar.js HTTP/1.1" 304 - 0.0006
::1 - - [03/Mar/2021:01:13:35 CST] "GET /calendar.js HTTP/1.1" 304 0
http://localhost:4567/ -> /calendar.js
::1 - - [03/Mar/2021:01:13:36 -0600] "GET /cstyle.css HTTP/1.1" 404 468 0.0058
::1 - - [03/Mar/2021:01:13:35 CST] "GET /cstyle.css HTTP/1.1" 404 468
http://localhost:4567/ -> /cstyle.css
::1 - - [03/Mar/2021:01:13:36 -0600] "GET /history.json HTTP/1.1" 200 1996 0.0005
::1 - - [03/Mar/2021:01:13:36 CST] "GET /history.json HTTP/1.1" 200 1996
http://localhost:4567/ -> /history.json
::1 - - [03/Mar/2021:01:13:55 -0600] "GET / HTTP/1.1" 200 36747 0.0060
::1 - - [03/Mar/2021:01:13:55 CST] "GET / HTTP/1.1" 200 36747
http://localhost:4567/history -> /
::1 - - [03/Mar/2021:01:13:56 -0600] "GET /cstyle.css HTTP/1.1" 404 468 0.0012
::1 - - [03/Mar/2021:01:13:56 CST] "GET /cstyle.css HTTP/1.1" 404 468
http://localhost:4567/ -> /cstyle.css
::1 - - [03/Mar/2021:01:13:56 -0600] "GET /calendar.js HTTP/1.1" 304 - 0.0007
::1 - - [03/Mar/2021:01:13:56 CST] "GET /calendar.js HTTP/1.1" 304 0
http://localhost:4567/ -> /calendar.js
::1 - - [03/Mar/2021:01:13:56 -0600] "GET /css/lstyle.css HTTP/1.1" 304 - 0.0068
::1 - - [03/Mar/2021:01:13:56 CST] "GET /css/lstyle.css HTTP/1.1" 304 0
http://localhost:4567/ -> /css/lstyle.css
::1 - - [03/Mar/2021:01:13:56 -0600] "GET /history.json HTTP/1.1" 200 2130 0.0005
::1 - - [03/Mar/2021:01:13:56 CST] "GET /history.json HTTP/1.1" 200 2130
http://localhost:4567/ -> /history.json
::1 - - [03/Mar/2021:01:19:10 -0600] "POST /history HTTP/1.1" 200 38507 0.0051
::1 - - [03/Mar/2021:01:19:10 CST] "POST /history HTTP/1.1" 200 38507
http://localhost:4567/ -> /history
::1 - - [03/Mar/2021:01:19:10 -0600] "GET /cstyle.css HTTP/1.1" 404 468 0.0039
::1 - - [03/Mar/2021:01:19:10 CST] "GET /cstyle.css HTTP/1.1" 404 468
http://localhost:4567/history -> /cstyle.css
::1 - - [03/Mar/2021:01:19:10 -0600] "GET /history.json HTTP/1.1" 200 2064 0.0009
::1 - - [03/Mar/2021:01:19:10 CST] "GET /history.json HTTP/1.1" 200 2064
http://localhost:4567/history -> /history.json
::1 - - [03/Mar/2021:01:38:36 -0600] "POST /delete HTTP/1.1" 200 36767 0.0060
::1 - - [03/Mar/2021:01:38:36 CST] "POST /delete HTTP/1.1" 200 36767
http://localhost:4567/history -> /delete
::1 - - [03/Mar/2021:01:38:36 -0600] "GET /cstyle.css HTTP/1.1" 404 468 0.0009
::1 - - [03/Mar/2021:01:38:36 CST] "GET /cstyle.css HTTP/1.1" 404 468
http://localhost:4567/delete -> /cstyle.css
::1 - - [03/Mar/2021:01:38:36 -0600] "GET /history.json HTTP/1.1" 200 1955 0.0009
::1 - - [03/Mar/2021:01:38:36 CST] "GET /history.json HTTP/1.1" 200 1955
http://localhost:4567/delete -> /history.json
::1 - - [03/Mar/2021:01:38:37 -0600] "GET /favicon.ico HTTP/1.1" 404 469 0.0010
::1 - - [03/Mar/2021:01:38:37 CST] "GET /favicon.ico HTTP/1.1" 404 0
- -> /favicon.ico
::1 - - [03/Mar/2021:01:38:44 -0600] "POST /delete HTTP/1.1" 200 35016 0.0083
::1 - - [03/Mar/2021:01:38:44 CST] "POST /delete HTTP/1.1" 200 35016
http://localhost:4567/delete -> /delete
::1 - - [03/Mar/2021:01:38:44 -0600] "GET /cstyle.css HTTP/1.1" 404 468 0.0012
::1 - - [03/Mar/2021:01:38:44 CST] "GET /cstyle.css HTTP/1.1" 404 468
http://localhost:4567/delete -> /cstyle.css
::1 - - [03/Mar/2021:01:38:44 -0600] "GET /history.json HTTP/1.1" 200 1835 0.0007
::1 - - [03/Mar/2021:01:38:44 CST] "GET /history.json HTTP/1.1" 200 1835
http://localhost:4567/delete -> /history.json
::1 - - [03/Mar/2021:01:38:48 -0600] "POST /delete HTTP/1.1" 200 33239 0.0054
::1 - - [03/Mar/2021:01:38:48 CST] "POST /delete HTTP/1.1" 200 33239
http://localhost:4567/delete -> /delete
::1 - - [03/Mar/2021:01:38:48 -0600] "GET /cstyle.css HTTP/1.1" 404 468 0.0010
::1 - - [03/Mar/2021:01:38:48 CST] "GET /cstyle.css HTTP/1.1" 404 468
http://localhost:4567/delete -> /cstyle.css
::1 - - [03/Mar/2021:01:38:48 -0600] "GET /history.json HTTP/1.1" 200 1689 0.0007
::1 - - [03/Mar/2021:01:38:48 CST] "GET /history.json HTTP/1.1" 200 1689
http://localhost:4567/delete -> /history.json
::1 - - [03/Mar/2021:01:38:51 -0600] "POST /delete HTTP/1.1" 200 31489 0.0069
::1 - - [03/Mar/2021:01:38:51 CST] "POST /delete HTTP/1.1" 200 31489
http://localhost:4567/delete -> /delete
::1 - - [03/Mar/2021:01:38:51 -0600] "GET /cstyle.css HTTP/1.1" 404 468 0.0009
::1 - - [03/Mar/2021:01:38:51 CST] "GET /cstyle.css HTTP/1.1" 404 468
http://localhost:4567/delete -> /cstyle.css
::1 - - [03/Mar/2021:01:38:51 -0600] "GET /history.json HTTP/1.1" 200 1570 0.0005
::1 - - [03/Mar/2021:01:38:51 CST] "GET /history.json HTTP/1.1" 200 1570
http://localhost:4567/delete -> /history.json
::1 - - [03/Mar/2021:01:38:54 -0600] "POST /delete HTTP/1.1" 200 29746 0.0065
::1 - - [03/Mar/2021:01:38:54 CST] "POST /delete HTTP/1.1" 200 29746
http://localhost:4567/delete -> /delete
::1 - - [03/Mar/2021:01:38:54 -0600] "GET /cstyle.css HTTP/1.1" 404 468 0.0009
::1 - - [03/Mar/2021:01:38:54 CST] "GET /cstyle.css HTTP/1.1" 404 468
http://localhost:4567/delete -> /cstyle.css
::1 - - [03/Mar/2021:01:38:54 -0600] "GET /history.json HTTP/1.1" 200 1458 0.0006
::1 - - [03/Mar/2021:01:38:54 CST] "GET /history.json HTTP/1.1" 200 1458
http://localhost:4567/delete -> /history.json
::1 - - [03/Mar/2021:01:38:59 -0600] "POST /delete HTTP/1.1" 200 27993 0.0054
::1 - - [03/Mar/2021:01:38:59 CST] "POST /delete HTTP/1.1" 200 27993
http://localhost:4567/delete -> /delete
::1 - - [03/Mar/2021:01:38:59 -0600] "GET /cstyle.css HTTP/1.1" 404 468 0.0009
::1 - - [03/Mar/2021:01:38:59 CST] "GET /cstyle.css HTTP/1.1" 404 468
http://localhost:4567/delete -> /cstyle.css
::1 - - [03/Mar/2021:01:38:59 -0600] "GET /history.json HTTP/1.1" 200 1336 0.0013
::1 - - [03/Mar/2021:01:38:59 CST] "GET /history.json HTTP/1.1" 200 1336
http://localhost:4567/delete -> /history.json
::1 - - [03/Mar/2021:01:41:41 -0600] "GET /delete HTTP/1.1" 404 464 0.0008
::1 - - [03/Mar/2021:01:41:41 CST] "GET /delete HTTP/1.1" 404 464
- -> /delete
::1 - - [03/Mar/2021:01:41:41 -0600] "GET /__sinatra__/404.png HTTP/1.1" 200 18893 0.0355
::1 - - [03/Mar/2021:01:41:41 CST] "GET /__sinatra__/404.png HTTP/1.1" 200 18893
http://localhost:4567/delete -> /__sinatra__/404.png
::1 - - [03/Mar/2021:01:41:45 -0600] "GET / HTTP/1.1" 200 29770 0.0065
::1 - - [03/Mar/2021:01:41:45 CST] "GET / HTTP/1.1" 200 29770
- -> /
::1 - - [03/Mar/2021:01:41:45 -0600] "GET /cstyle.css HTTP/1.1" 404 468 0.0013
::1 - - [03/Mar/2021:01:41:45 CST] "GET /cstyle.css HTTP/1.1" 404 468
http://localhost:4567/ -> /cstyle.css
::1 - - [03/Mar/2021:01:41:45 -0600] "GET /history.json HTTP/1.1" 200 1629 0.0006
::1 - - [03/Mar/2021:01:41:45 CST] "GET /history.json HTTP/1.1" 200 1629
http://localhost:4567/ -> /history.json
::1 - - [03/Mar/2021:01:45:07 -0600] "POST /delete HTTP/1.1" 200 27993 0.0056
::1 - - [03/Mar/2021:01:45:07 CST] "POST /delete HTTP/1.1" 200 27993
http://localhost:4567/ -> /delete
::1 - - [03/Mar/2021:01:45:07 -0600] "GET /cstyle.css HTTP/1.1" 404 468 0.0018
::1 - - [03/Mar/2021:01:45:07 CST] "GET /cstyle.css HTTP/1.1" 404 468
http://localhost:4567/delete -> /cstyle.css
::1 - - [03/Mar/2021:01:45:08 -0600] "GET /history.json HTTP/1.1" 200 1336 0.0008
::1 - - [03/Mar/2021:01:45:08 CST] "GET /history.json HTTP/1.1" 200 1336
http://localhost:4567/delete -> /history.json
::1 - - [03/Mar/2021:01:45:08 -0600] "GET /favicon.ico HTTP/1.1" 404 469 0.0009
::1 - - [03/Mar/2021:01:45:08 CST] "GET /favicon.ico HTTP/1.1" 404 0
- -> /favicon.ico
::1 - - [03/Mar/2021:14:11:57 -0600] "GET / HTTP/1.1" 200 27993 2.1025
::1 - - [03/Mar/2021:14:11:54 CST] "GET / HTTP/1.1" 200 27993
http://localhost:4567/delete -> /
::1 - - [03/Mar/2021:14:11:58 -0600] "GET /cstyle.css HTTP/1.1" 404 468 0.5870
::1 - - [03/Mar/2021:14:11:58 CST] "GET /cstyle.css HTTP/1.1" 404 468
http://localhost:4567/ -> /cstyle.css
::1 - - [03/Mar/2021:14:11:58 -0600] "GET /css/lstyle.css HTTP/1.1" 200 232 0.0904
::1 - - [03/Mar/2021:14:11:58 CST] "GET /css/lstyle.css HTTP/1.1" 200 0
http://localhost:4567/ -> /css/lstyle.css
::1 - - [03/Mar/2021:14:11:59 -0600] "GET /history.json HTTP/1.1" 200 1336 0.0289
::1 - - [03/Mar/2021:14:11:58 CST] "GET /history.json HTTP/1.1" 200 1336
http://localhost:4567/ -> /history.json
::1 - - [03/Mar/2021:14:11:59 -0600] "GET /favicon.ico HTTP/1.1" 404 469 0.0017
::1 - - [03/Mar/2021:14:11:59 CST] "GET /favicon.ico HTTP/1.1" 404 0
- -> /favicon.ico
::1 - - [03/Mar/2021:14:19:07 -0600] "GET / HTTP/1.1" 200 27993 1.0978
::1 - - [03/Mar/2021:14:19:06 CST] "GET / HTTP/1.1" 200 27993
http://localhost:4567/delete -> /
::1 - - [03/Mar/2021:14:19:07 -0600] "GET /cstyle.css HTTP/1.1" 404 468 0.0011
::1 - - [03/Mar/2021:14:19:07 CST] "GET /cstyle.css HTTP/1.1" 404 468
http://localhost:4567/ -> /cstyle.css
::1 - - [03/Mar/2021:14:19:07 -0600] "GET /css/lstyle.css HTTP/1.1" 200 232 0.0008
::1 - - [03/Mar/2021:14:19:07 CST] "GET /css/lstyle.css HTTP/1.1" 200 232
http://localhost:4567/ -> /css/lstyle.css
::1 - - [03/Mar/2021:14:19:08 -0600] "GET /calendar.js HTTP/1.1" 304 - 0.0006
::1 - - [03/Mar/2021:14:19:08 CST] "GET /calendar.js HTTP/1.1" 304 0
http://localhost:4567/ -> /calendar.js
::1 - - [03/Mar/2021:14:19:09 -0600] "GET /history.json HTTP/1.1" 200 1336 0.0007
::1 - - [03/Mar/2021:14:19:09 CST] "GET /history.json HTTP/1.1" 200 1336
http://localhost:4567/ -> /history.json
::1 - - [03/Mar/2021:14:19:09 -0600] "GET /favicon.ico HTTP/1.1" 404 469 0.0009
::1 - - [03/Mar/2021:14:19:09 CST] "GET /favicon.ico HTTP/1.1" 404 0
- -> /favicon.ico
::1 - - [03/Mar/2021:14:19:14 -0600] "POST /delete HTTP/1.1" 200 26240 0.3552
::1 - - [03/Mar/2021:14:19:14 CST] "POST /delete HTTP/1.1" 200 26240
http://localhost:4567/ -> /delete
::1 - - [03/Mar/2021:14:19:15 -0600] "GET /cstyle.css HTTP/1.1" 404 468 0.0020
::1 - - [03/Mar/2021:14:19:15 CST] "GET /cstyle.css HTTP/1.1" 404 468
http://localhost:4567/delete -> /cstyle.css
::1 - - [03/Mar/2021:14:19:32 -0600] "POST /history HTTP/1.1" 200 27989 0.1771
::1 - - [03/Mar/2021:14:19:32 CST] "POST /history HTTP/1.1" 200 27989
http://localhost:4567/delete -> /history
::1 - - [03/Mar/2021:14:19:32 -0600] "GET /cstyle.css HTTP/1.1" 404 468 0.0008
::1 - - [03/Mar/2021:14:19:32 CST] "GET /cstyle.css HTTP/1.1" 404 468
http://localhost:4567/history -> /cstyle.css
::1 - - [03/Mar/2021:18:05:18 -0600] "POST /delete HTTP/1.1" 200 26240 0.0552
::1 - - [03/Mar/2021:18:05:18 CST] "POST /delete HTTP/1.1" 200 26240
http://localhost:4567/history -> /delete
::1 - - [03/Mar/2021:18:05:19 -0600] "GET /cstyle.css HTTP/1.1" 404 468 0.0007
::1 - - [03/Mar/2021:18:05:19 CST] "GET /cstyle.css HTTP/1.1" 404 468
http://localhost:4567/delete -> /cstyle.css
::1 - - [03/Mar/2021:18:05:19 -0600] "GET /css/lstyle.css HTTP/1.1" 200 232 0.0008
::1 - - [03/Mar/2021:18:05:19 CST] "GET /css/lstyle.css HTTP/1.1" 200 232
http://localhost:4567/delete -> /css/lstyle.css
::1 - - [03/Mar/2021:18:05:19 -0600] "GET /history.json HTTP/1.1" 200 1214 0.0008
::1 - - [03/Mar/2021:18:05:19 CST] "GET /history.json HTTP/1.1" 200 1214
http://localhost:4567/delete -> /history.json
::1 - - [03/Mar/2021:18:11:34 -0600] "GET / HTTP/1.1" 200 45423 0.0064
::1 - - [03/Mar/2021:18:11:34 CST] "GET / HTTP/1.1" 200 45423
http://localhost:4567/delete -> /
::1 - - [03/Mar/2021:18:11:34 -0600] "GET /cstyle.css HTTP/1.1" 404 468 0.0009
::1 - - [03/Mar/2021:18:11:34 CST] "GET /cstyle.css HTTP/1.1" 404 468
http://localhost:4567/ -> /cstyle.css
::1 - - [03/Mar/2021:18:11:34 -0600] "GET /history.json HTTP/1.1" 200 2711 0.0008
::1 - - [03/Mar/2021:18:11:34 CST] "GET /history.json HTTP/1.1" 200 2711
http://localhost:4567/ -> /history.json
::1 - - [03/Mar/2021:18:13:15 -0600] "GET / HTTP/1.1" 200 45423 0.0166
::1 - - [03/Mar/2021:18:13:15 CST] "GET / HTTP/1.1" 200 45423
http://localhost:4567/delete -> /
::1 - - [03/Mar/2021:18:13:15 -0600] "GET /cstyle.css HTTP/1.1" 404 468 0.0034
::1 - - [03/Mar/2021:18:13:15 -0600] "GET /calendar.js HTTP/1.1" 304 - 0.0021
::1 - - [03/Mar/2021:18:13:15 CST] "GET /cstyle.css HTTP/1.1" 404 468
http://localhost:4567/ -> /cstyle.css
::1 - - [03/Mar/2021:18:13:15 CST] "GET /calendar.js HTTP/1.1" 304 0
http://localhost:4567/ -> /calendar.js
::1 - - [03/Mar/2021:18:13:15 -0600] "GET /css/lstyle.css HTTP/1.1" 304 - 0.0144
::1 - - [03/Mar/2021:18:13:15 CST] "GET /css/lstyle.css HTTP/1.1" 304 0
http://localhost:4567/ -> /css/lstyle.css
::1 - - [03/Mar/2021:18:13:16 -0600] "GET /history.json HTTP/1.1" 304 - 0.0005
::1 - - [03/Mar/2021:18:13:16 CST] "GET /history.json HTTP/1.1" 304 0
http://localhost:4567/ -> /history.json
::1 - - [03/Mar/2021:18:14:24 -0600] "POST /history HTTP/1.1" 200 47162 0.1731
::1 - - [03/Mar/2021:18:14:24 CST] "POST /history HTTP/1.1" 200 47162
http://localhost:4567/ -> /history
::1 - - [03/Mar/2021:18:14:25 -0600] "GET /cstyle.css HTTP/1.1" 404 468 0.0010
::1 - - [03/Mar/2021:18:14:25 CST] "GET /cstyle.css HTTP/1.1" 404 468
http://localhost:4567/history -> /cstyle.css
::1 - - [03/Mar/2021:18:14:25 -0600] "GET /history.json HTTP/1.1" 200 2564 0.0017
::1 - - [03/Mar/2021:18:14:25 CST] "GET /history.json HTTP/1.1" 200 2564
http://localhost:4567/history -> /history.json
::1 - - [03/Mar/2021:18:14:30 -0600] "POST /history HTTP/1.1" 200 48901 0.0051
::1 - - [03/Mar/2021:18:14:30 CST] "POST /history HTTP/1.1" 200 48901
http://localhost:4567/history -> /history
::1 - - [03/Mar/2021:18:14:30 -0600] "GET /cstyle.css HTTP/1.1" 404 468 0.0013
::1 - - [03/Mar/2021:18:14:30 CST] "GET /cstyle.css HTTP/1.1" 404 468
http://localhost:4567/history -> /cstyle.css
::1 - - [03/Mar/2021:18:14:30 -0600] "GET /history.json HTTP/1.1" 200 2672 0.0007
::1 - - [03/Mar/2021:18:14:30 CST] "GET /history.json HTTP/1.1" 200 2672
http://localhost:4567/history -> /history.json
::1 - - [03/Mar/2021:18:15:23 -0600] "GET / HTTP/1.1" 200 50648 0.0617
::1 - - [03/Mar/2021:18:15:23 CST] "GET / HTTP/1.1" 200 50648
http://localhost:4567/history -> /
::1 - - [03/Mar/2021:18:15:23 -0600] "GET /cstyle.css HTTP/1.1" 404 468 0.0009
::1 - - [03/Mar/2021:18:15:23 CST] "GET /cstyle.css HTTP/1.1" 404 468
http://localhost:4567/ -> /cstyle.css
::1 - - [03/Mar/2021:18:15:23 -0600] "GET /history.json HTTP/1.1" 200 3079 0.0018
::1 - - [03/Mar/2021:18:15:23 CST] "GET /history.json HTTP/1.1" 200 3079
http://localhost:4567/ -> /history.json
::1 - - [03/Mar/2021:18:15:42 -0600] "POST /delete HTTP/1.1" 200 48909 0.0058
::1 - - [03/Mar/2021:18:15:42 CST] "POST /delete HTTP/1.1" 200 48909
http://localhost:4567/ -> /delete
::1 - - [03/Mar/2021:18:15:42 -0600] "GET /cstyle.css HTTP/1.1" 404 468 0.0012
::1 - - [03/Mar/2021:18:15:42 CST] "GET /cstyle.css HTTP/1.1" 404 468
http://localhost:4567/delete -> /cstyle.css
::1 - - [03/Mar/2021:18:15:42 -0600] "GET /history.json HTTP/1.1" 200 2680 0.0006
::1 - - [03/Mar/2021:18:15:42 CST] "GET /history.json HTTP/1.1" 200 2680
http://localhost:4567/delete -> /history.json
::1 - - [03/Mar/2021:18:15:50 -0600] "POST /delete HTTP/1.1" 200 47169 0.0062
::1 - - [03/Mar/2021:18:15:50 CST] "POST /delete HTTP/1.1" 200 47169
http://localhost:4567/delete -> /delete
::1 - - [03/Mar/2021:18:15:50 -0600] "GET /cstyle.css HTTP/1.1" 404 468 0.0008
::1 - - [03/Mar/2021:18:15:50 CST] "GET /cstyle.css HTTP/1.1" 404 468
http://localhost:4567/delete -> /cstyle.css
::1 - - [03/Mar/2021:18:15:51 -0600] "GET /history.json HTTP/1.1" 200 2571 0.0006
::1 - - [03/Mar/2021:18:15:51 CST] "GET /history.json HTTP/1.1" 200 2571
http://localhost:4567/delete -> /history.json
::1 - - [03/Mar/2021:18:16:00 -0600] "POST /delete HTTP/1.1" 200 45430 0.0074
::1 - - [03/Mar/2021:18:16:00 CST] "POST /delete HTTP/1.1" 200 45430
http://localhost:4567/delete -> /delete
::1 - - [03/Mar/2021:18:16:00 -0600] "GET /cstyle.css HTTP/1.1" 404 468 0.0010
::1 - - [03/Mar/2021:18:16:00 CST] "GET /cstyle.css HTTP/1.1" 404 468
http://localhost:4567/delete -> /cstyle.css
::1 - - [03/Mar/2021:18:16:00 -0600] "GET /history.json HTTP/1.1" 200 2463 0.0008
::1 - - [03/Mar/2021:18:16:00 CST] "GET /history.json HTTP/1.1" 200 2463
http://localhost:4567/delete -> /history.json
::1 - - [03/Mar/2021:18:16:04 -0600] "POST /delete HTTP/1.1" 200 43683 0.0076
::1 - - [03/Mar/2021:18:16:04 CST] "POST /delete HTTP/1.1" 200 43683
http://localhost:4567/delete -> /delete
::1 - - [03/Mar/2021:18:16:04 -0600] "GET /cstyle.css HTTP/1.1" 404 468 0.0007
::1 - - [03/Mar/2021:18:16:04 CST] "GET /cstyle.css HTTP/1.1" 404 468
http://localhost:4567/delete -> /cstyle.css
::1 - - [03/Mar/2021:18:16:04 -0600] "GET /history.json HTTP/1.1" 200 2347 0.0006
::1 - - [03/Mar/2021:18:16:04 CST] "GET /history.json HTTP/1.1" 200 2347
http://localhost:4567/delete -> /history.json
::1 - - [03/Mar/2021:18:17:31 -0600] "GET / HTTP/1.1" 200 45450 0.0435
::1 - - [03/Mar/2021:18:17:31 CST] "GET / HTTP/1.1" 200 45450
http://localhost:4567/delete -> /
::1 - - [03/Mar/2021:18:17:31 -0600] "GET /cstyle.css HTTP/1.1" 404 468 0.0009
::1 - - [03/Mar/2021:18:17:31 CST] "GET /cstyle.css HTTP/1.1" 404 468
http://localhost:4567/ -> /cstyle.css
::1 - - [03/Mar/2021:18:17:31 -0600] "GET /history.json HTTP/1.1" 200 2740 0.0008
::1 - - [03/Mar/2021:18:17:31 CST] "GET /history.json HTTP/1.1" 200 2740
http://localhost:4567/ -> /history.json
::1 - - [03/Mar/2021:18:18:20 -0600] "GET / HTTP/1.1" 200 47216 0.0069
::1 - - [03/Mar/2021:18:18:20 CST] "GET / HTTP/1.1" 200 47216
- -> /
::1 - - [03/Mar/2021:18:18:20 -0600] "GET /cstyle.css HTTP/1.1" 404 468 0.0013
::1 - - [03/Mar/2021:18:18:20 CST] "GET /cstyle.css HTTP/1.1" 404 468
http://localhost:4567/ -> /cstyle.css
::1 - - [03/Mar/2021:18:18:20 -0600] "GET /history.json HTTP/1.1" 200 2889 0.0009
::1 - - [03/Mar/2021:18:18:20 CST] "GET /history.json HTTP/1.1" 200 2889
http://localhost:4567/ -> /history.json
::1 - - [03/Mar/2021:18:18:35 -0600] "GET / HTTP/1.1" 200 48982 0.0055
::1 - - [03/Mar/2021:18:18:35 CST] "GET / HTTP/1.1" 200 48982
- -> /
::1 - - [03/Mar/2021:18:18:35 -0600] "GET /css/lstyle.css HTTP/1.1" 304 - 0.0027
::1 - - [03/Mar/2021:18:18:35 CST] "GET /css/lstyle.css HTTP/1.1" 304 0
http://localhost:4567/ -> /css/lstyle.css
::1 - - [03/Mar/2021:18:18:35 -0600] "GET /cstyle.css HTTP/1.1" 404 468 0.0010
::1 - - [03/Mar/2021:18:18:35 CST] "GET /cstyle.css HTTP/1.1" 404 468
http://localhost:4567/ -> /cstyle.css
::1 - - [03/Mar/2021:18:18:35 -0600] "GET /calendar.js HTTP/1.1" 304 - 0.0007
::1 - - [03/Mar/2021:18:18:35 CST] "GET /calendar.js HTTP/1.1" 304 0
http://localhost:4567/ -> /calendar.js
::1 - - [03/Mar/2021:18:18:35 -0600] "GET /history.json HTTP/1.1" 200 3038 0.0007
::1 - - [03/Mar/2021:18:18:35 CST] "GET /history.json HTTP/1.1" 200 3038
http://localhost:4567/ -> /history.json
::1 - - [03/Mar/2021:22:25:00 -0600] "GET / HTTP/1.1" 200 52510 0.1294
::1 - - [03/Mar/2021:22:25:00 CST] "GET / HTTP/1.1" 200 52510
- -> /
::1 - - [03/Mar/2021:22:25:00 -0600] "GET /cstyle.css HTTP/1.1" 404 468 0.0016
::1 - - [03/Mar/2021:22:25:00 CST] "GET /cstyle.css HTTP/1.1" 404 468
http://localhost:4567/ -> /cstyle.css
::1 - - [03/Mar/2021:22:25:00 -0600] "GET /css/lstyle.css HTTP/1.1" 200 232 0.0252
::1 - - [03/Mar/2021:22:25:00 -0600] "GET /calendar.js HTTP/1.1" 304 - 0.0006
::1 - - [03/Mar/2021:22:25:00 CST] "GET /calendar.js HTTP/1.1" 304 0
http://localhost:4567/ -> /calendar.js
::1 - - [03/Mar/2021:22:25:00 CST] "GET /css/lstyle.css HTTP/1.1" 200 232
http://localhost:4567/ -> /css/lstyle.css
::1 - - [03/Mar/2021:22:25:02 -0600] "GET /history.json HTTP/1.1" 200 3328 0.0008
::1 - - [03/Mar/2021:22:25:02 CST] "GET /history.json HTTP/1.1" 200 3328
http://localhost:4567/ -> /history.json
::1 - - [03/Mar/2021:22:25:03 -0600] "GET /favicon.ico HTTP/1.1" 404 469 0.0021
::1 - - [03/Mar/2021:22:25:03 CST] "GET /favicon.ico HTTP/1.1" 404 469
- -> /favicon.ico
::1 - - [03/Mar/2021:22:27:00 -0600] "GET / HTTP/1.1" 200 52510 0.0057
::1 - - [03/Mar/2021:22:27:00 CST] "GET / HTTP/1.1" 200 52510
- -> /
::1 - - [03/Mar/2021:22:27:01 -0600] "GET /cstyle.css HTTP/1.1" 404 468 0.0014
::1 - - [03/Mar/2021:22:27:01 CST] "GET /cstyle.css HTTP/1.1" 404 468
http://localhost:4567/ -> /cstyle.css
::1 - - [03/Mar/2021:22:27:01 -0600] "GET /history.json HTTP/1.1" 304 - 0.0007
::1 - - [03/Mar/2021:22:27:01 CST] "GET /history.json HTTP/1.1" 304 0
http://localhost:4567/ -> /history.json
::1 - - [03/Mar/2021:22:31:02 -0600] "POST /delete HTTP/1.1" 200 50752 0.2874
::1 - - [03/Mar/2021:22:31:01 CST] "POST /delete HTTP/1.1" 200 50752
http://localhost:4567/ -> /delete
::1 - - [03/Mar/2021:22:31:02 -0600] "GET /cstyle.css HTTP/1.1" 404 468 0.0012
::1 - - [03/Mar/2021:22:31:02 CST] "GET /cstyle.css HTTP/1.1" 404 468
http://localhost:4567/delete -> /cstyle.css
::1 - - [03/Mar/2021:22:31:02 -0600] "GET /history.json HTTP/1.1" 200 2898 0.0006
::1 - - [03/Mar/2021:22:31:02 CST] "GET /history.json HTTP/1.1" 200 2898
http://localhost:4567/delete -> /history.json
::1 - - [03/Mar/2021:22:31:06 -0600] "POST /delete HTTP/1.1" 200 48982 0.0052
::1 - - [03/Mar/2021:22:31:06 CST] "POST /delete HTTP/1.1" 200 48982
http://localhost:4567/delete -> /delete
::1 - - [03/Mar/2021:22:31:06 -0600] "GET /cstyle.css HTTP/1.1" 404 468 0.0010
::1 - - [03/Mar/2021:22:31:06 CST] "GET /cstyle.css HTTP/1.1" 404 468
http://localhost:4567/delete -> /cstyle.css
::1 - - [03/Mar/2021:22:31:06 -0600] "GET /history.json HTTP/1.1" 200 2759 0.0009
::1 - - [03/Mar/2021:22:31:06 CST] "GET /history.json HTTP/1.1" 200 2759
http://localhost:4567/delete -> /history.json
::1 - - [03/Mar/2021:22:53:54 -0600] "POST /history HTTP/1.1" 200 50747 0.1083
::1 - - [03/Mar/2021:22:53:54 CST] "POST /history HTTP/1.1" 200 50747
http://localhost:4567/delete -> /history
::1 - - [03/Mar/2021:22:53:54 -0600] "GET /cstyle.css HTTP/1.1" 404 468 0.0009
::1 - - [03/Mar/2021:22:53:54 CST] "GET /cstyle.css HTTP/1.1" 404 468
http://localhost:4567/history -> /cstyle.css
::1 - - [03/Mar/2021:22:53:55 -0600] "GET /history.json HTTP/1.1" 200 2895 0.0008
::1 - - [03/Mar/2021:22:53:55 CST] "GET /history.json HTTP/1.1" 200 2895
http://localhost:4567/history -> /history.json
::1 - - [03/Mar/2021:22:53:55 -0600] "GET /favicon.ico HTTP/1.1" 404 469 0.0009
::1 - - [03/Mar/2021:22:53:55 CST] "GET /favicon.ico HTTP/1.1" 404 0
- -> /favicon.ico
::1 - - [03/Mar/2021:22:54:09 -0600] "GET / HTTP/1.1" 200 50747 0.0071
::1 - - [03/Mar/2021:22:54:09 CST] "GET / HTTP/1.1" 200 50747
http://localhost:4567/history -> /
::1 - - [03/Mar/2021:22:54:09 -0600] "GET /cstyle.css HTTP/1.1" 404 468 0.0010
::1 - - [03/Mar/2021:22:54:09 CST] "GET /cstyle.css HTTP/1.1" 404 468
http://localhost:4567/ -> /cstyle.css
::1 - - [03/Mar/2021:22:54:09 -0600] "GET /history.json HTTP/1.1" 304 - 0.0321
::1 - - [03/Mar/2021:22:54:09 CST] "GET /history.json HTTP/1.1" 304 0
http://localhost:4567/ -> /history.json
::1 - - [03/Mar/2021:22:54:10 -0600] "GET /favicon.ico HTTP/1.1" 404 469 0.0007
::1 - - [03/Mar/2021:22:54:10 CST] "GET /favicon.ico HTTP/1.1" 404 0
- -> /favicon.ico
::1 - - [03/Mar/2021:22:54:14 -0600] "POST /delete HTTP/1.1" 200 48982 0.0085
::1 - - [03/Mar/2021:22:54:14 CST] "POST /delete HTTP/1.1" 200 48982
http://localhost:4567/ -> /delete
::1 - - [03/Mar/2021:22:54:14 -0600] "GET /cstyle.css HTTP/1.1" 404 468 0.0010
::1 - - [03/Mar/2021:22:54:14 CST] "GET /cstyle.css HTTP/1.1" 404 468
http://localhost:4567/delete -> /cstyle.css
::1 - - [03/Mar/2021:22:54:14 -0600] "GET /history.json HTTP/1.1" 200 2759 0.0008
::1 - - [03/Mar/2021:22:54:14 CST] "GET /history.json HTTP/1.1" 200 2759
http://localhost:4567/delete -> /history.json
::1 - - [04/Mar/2021:14:04:32 -0600] "GET / HTTP/1.1" 200 48982 0.2303
::1 - - [04/Mar/2021:14:04:31 CST] "GET / HTTP/1.1" 200 48982
http://localhost:4567/delete -> /
::1 - - [04/Mar/2021:14:04:32 -0600] "GET /cstyle.css HTTP/1.1" 404 468 0.0429
::1 - - [04/Mar/2021:14:04:32 CST] "GET /cstyle.css HTTP/1.1" 404 468
http://localhost:4567/ -> /cstyle.css
::1 - - [04/Mar/2021:14:04:32 -0600] "GET /css/lstyle.css HTTP/1.1" 200 232 0.0566
::1 - - [04/Mar/2021:14:04:32 CST] "GET /css/lstyle.css HTTP/1.1" 200 232
http://localhost:4567/ -> /css/lstyle.css
::1 - - [04/Mar/2021:14:04:32 -0600] "GET /history.json HTTP/1.1" 200 2759 0.0006
::1 - - [04/Mar/2021:14:04:32 CST] "GET /history.json HTTP/1.1" 200 2759
http://localhost:4567/ -> /history.json
::1 - - [04/Mar/2021:14:04:32 -0600] "GET /favicon.ico HTTP/1.1" 404 469 0.0007
::1 - - [04/Mar/2021:14:04:32 CST] "GET /favicon.ico HTTP/1.1" 404 469
- -> /favicon.ico
::1 - - [04/Mar/2021:14:09:19 -0600] "POST /history HTTP/1.1" 200 50743 0.1717
::1 - - [04/Mar/2021:14:09:19 CST] "POST /history HTTP/1.1" 200 50743
http://localhost:4567/ -> /history
::1 - - [04/Mar/2021:14:09:19 -0600] "GET /cstyle.css HTTP/1.1" 404 468 0.0008
::1 - - [04/Mar/2021:14:09:19 CST] "GET /cstyle.css HTTP/1.1" 404 468
http://localhost:4567/history -> /cstyle.css
::1 - - [04/Mar/2021:14:09:19 -0600] "GET /favicon.ico HTTP/1.1" 404 469 0.0035
::1 - - [04/Mar/2021:14:09:19 CST] "GET /favicon.ico HTTP/1.1" 404 0
- -> /favicon.ico
::1 - - [04/Mar/2021:14:09:51 -0600] "POST /delete HTTP/1.1" 200 48982 0.0820
::1 - - [04/Mar/2021:14:09:51 CST] "POST /delete HTTP/1.1" 200 48982
http://localhost:4567/history -> /delete
::1 - - [04/Mar/2021:14:09:51 -0600] "GET /cstyle.css HTTP/1.1" 404 468 0.0010
::1 - - [04/Mar/2021:14:09:51 CST] "GET /cstyle.css HTTP/1.1" 404 468
http://localhost:4567/delete -> /cstyle.css
::1 - - [04/Mar/2021:14:09:51 -0600] "GET /css/lstyle.css HTTP/1.1" 200 232 0.0008
::1 - - [04/Mar/2021:14:09:51 CST] "GET /css/lstyle.css HTTP/1.1" 200 0
http://localhost:4567/delete -> /css/lstyle.css
::1 - - [04/Mar/2021:20:47:55 -0600] "POST /history HTTP/1.1" 200 50728 0.0475
::1 - - [04/Mar/2021:20:47:55 CST] "POST /history HTTP/1.1" 200 50728
http://localhost:4567/delete -> /history
::1 - - [04/Mar/2021:20:47:55 -0600] "GET /cstyle.css HTTP/1.1" 404 468 0.0331
::1 - - [04/Mar/2021:20:47:55 CST] "GET /cstyle.css HTTP/1.1" 404 468
::1 - - [04/Mar/2021:20:47:55 -0600] "GET /css/lstyle.css HTTP/1.1" 200 232 0.0009
http://localhost:4567/history -> /cstyle.css
::1 - - [04/Mar/2021:20:47:55 CST] "GET /css/lstyle.css HTTP/1.1" 200 0
http://localhost:4567/history -> /css/lstyle.css
::1 - - [04/Mar/2021:20:47:56 -0600] "GET /history.json HTTP/1.1" 200 2874 0.0007
::1 - - [04/Mar/2021:20:47:56 CST] "GET /history.json HTTP/1.1" 200 2874
http://localhost:4567/history -> /history.json
::1 - - [04/Mar/2021:20:47:56 -0600] "GET /favicon.ico HTTP/1.1" 404 469 0.0010
::1 - - [04/Mar/2021:20:47:56 CST] "GET /favicon.ico HTTP/1.1" 404 0
- -> /favicon.ico
::1 - - [05/Mar/2021:00:10:25 -0600] "GET /history HTTP/1.1" 200 41245 0.8387
::1 - - [05/Mar/2021:00:10:24 CST] "GET /history HTTP/1.1" 200 41245
- -> /history
::1 - - [05/Mar/2021:00:10:26 -0600] "GET /cstyle.css HTTP/1.1" 404 468 0.3529
::1 - - [05/Mar/2021:00:10:26 CST] "GET /cstyle.css HTTP/1.1" 404 468
http://localhost:4567/history -> /cstyle.css
::1 - - [05/Mar/2021:00:10:27 -0600] "GET /css/lstyle.css HTTP/1.1" 200 232 0.5409
::1 - - [05/Mar/2021:00:10:27 -0600] "GET /history.json HTTP/1.1" 200 3385 0.2563
::1 - - [05/Mar/2021:00:10:27 -0600] "GET /favicon.ico HTTP/1.1" 404 469 0.0107
::1 - - [05/Mar/2021:00:10:26 CST] "GET /history.json HTTP/1.1" 200 3385
http://localhost:4567/history -> /history.json
::1 - - [05/Mar/2021:00:10:26 CST] "GET /css/lstyle.css HTTP/1.1" 200 0
::1 - - [05/Mar/2021:00:10:27 CST] "GET /favicon.ico HTTP/1.1" 404 0
http://localhost:4567/history -> /css/lstyle.css
- -> /favicon.ico
::1 - - [05/Mar/2021:02:07:56 -0600] "GET / HTTP/1.1" 200 56134 0.4276
::1 - - [05/Mar/2021:02:07:56 CST] "GET / HTTP/1.1" 200 56134
http://localhost:4567/history -> /
::1 - - [05/Mar/2021:02:07:56 -0600] "GET /cstyle.css HTTP/1.1" 404 468 0.0010
::1 - - [05/Mar/2021:02:07:56 CST] "GET /cstyle.css HTTP/1.1" 404 468
http://localhost:4567/ -> /cstyle.css
::1 - - [05/Mar/2021:02:07:57 -0600] "GET /history.json HTTP/1.1" 200 3718 0.0007
::1 - - [05/Mar/2021:02:07:57 CST] "GET /history.json HTTP/1.1" 200 3718
http://localhost:4567/ -> /history.json
::1 - - [05/Mar/2021:02:07:57 -0600] "GET /favicon.ico HTTP/1.1" 404 469 0.0011
::1 - - [05/Mar/2021:02:07:57 CST] "GET /favicon.ico HTTP/1.1" 404 0
- -> /favicon.ico
::1 - - [05/Mar/2021:02:08:18 -0600] "POST /delete HTTP/1.1" 200 54374 0.0743
::1 - - [05/Mar/2021:02:08:18 CST] "POST /delete HTTP/1.1" 200 54374
http://localhost:4567/ -> /delete
::1 - - [05/Mar/2021:02:08:19 -0600] "GET /cstyle.css HTTP/1.1" 404 468 0.0455
::1 - - [05/Mar/2021:02:08:19 -0600] "GET /css/lstyle.css HTTP/1.1" 200 232 0.0007
::1 - - [05/Mar/2021:02:08:19 CST] "GET /css/lstyle.css HTTP/1.1" 200 0
http://localhost:4567/delete -> /css/lstyle.css
::1 - - [05/Mar/2021:02:08:19 CST] "GET /cstyle.css HTTP/1.1" 404 468
http://localhost:4567/delete -> /cstyle.css
::1 - - [05/Mar/2021:02:08:19 -0600] "GET /history.json HTTP/1.1" 200 3258 0.0006
::1 - - [05/Mar/2021:02:08:19 CST] "GET /history.json HTTP/1.1" 200 3258
http://localhost:4567/delete -> /history.json
::1 - - [05/Mar/2021:02:08:28 -0600] "POST /history HTTP/1.1" 200 56134 0.0901
::1 - - [05/Mar/2021:02:08:28 CST] "POST /history HTTP/1.1" 200 56134
http://localhost:4567/delete -> /history
::1 - - [05/Mar/2021:02:08:28 -0600] "GET /cstyle.css HTTP/1.1" 404 468 0.0335
::1 - - [05/Mar/2021:02:08:28 CST] "GET /cstyle.css HTTP/1.1" 404 468
http://localhost:4567/history -> /cstyle.css
::1 - - [05/Mar/2021:02:08:28 -0600] "GET /history.json HTTP/1.1" 200 3387 0.0094
::1 - - [05/Mar/2021:02:08:28 CST] "GET /history.json HTTP/1.1" 200 3387
http://localhost:4567/history -> /history.json
::1 - - [05/Mar/2021:02:15:57 -0600] "POST /delete HTTP/1.1" 200 54362 0.1020
::1 - - [05/Mar/2021:02:15:57 CST] "POST /delete HTTP/1.1" 200 54362
http://localhost:4567/history -> /delete
::1 - - [05/Mar/2021:02:15:58 -0600] "GET /cstyle.css HTTP/1.1" 404 468 0.0013
::1 - - [05/Mar/2021:02:15:58 CST] "GET /cstyle.css HTTP/1.1" 404 468
http://localhost:4567/delete -> /cstyle.css
::1 - - [05/Mar/2021:02:15:58 -0600] "GET /history.json HTTP/1.1" 200 3246 0.0005
::1 - - [05/Mar/2021:02:15:58 CST] "GET /history.json HTTP/1.1" 200 3246
http://localhost:4567/delete -> /history.json
::1 - - [05/Mar/2021:02:15:58 -0600] "GET /favicon.ico HTTP/1.1" 404 469 0.0009
::1 - - [05/Mar/2021:02:15:58 CST] "GET /favicon.ico HTTP/1.1" 404 0
- -> /favicon.ico
::1 - - [05/Mar/2021:02:16:22 -0600] "GET / HTTP/1.1" 200 56141 0.0551
::1 - - [05/Mar/2021:02:16:22 CST] "GET / HTTP/1.1" 200 56141
http://localhost:4567/delete -> /
::1 - - [05/Mar/2021:02:16:22 -0600] "GET /cstyle.css HTTP/1.1" 404 468 0.0695
::1 - - [05/Mar/2021:02:16:22 CST] "GET /cstyle.css HTTP/1.1" 404 468
http://localhost:4567/ -> /cstyle.css
::1 - - [05/Mar/2021:02:16:22 -0600] "GET /history.json HTTP/1.1" 200 3725 0.0006
::1 - - [05/Mar/2021:02:16:22 CST] "GET /history.json HTTP/1.1" 200 3725
http://localhost:4567/ -> /history.json
::1 - - [05/Mar/2021:02:18:06 -0600] "POST /history HTTP/1.1" 200 57990 0.0052
::1 - - [05/Mar/2021:02:18:06 CST] "POST /history HTTP/1.1" 200 57990
http://localhost:4567/ -> /history
::1 - - [05/Mar/2021:02:18:07 -0600] "GET /cstyle.css HTTP/1.1" 404 468 0.0262
::1 - - [05/Mar/2021:02:18:07 CST] "GET /cstyle.css HTTP/1.1" 404 468
http://localhost:4567/history -> /cstyle.css
::1 - - [05/Mar/2021:02:18:07 -0600] "GET /history.json HTTP/1.1" 200 3612 0.0008
::1 - - [05/Mar/2021:02:18:07 CST] "GET /history.json HTTP/1.1" 200 3612
http://localhost:4567/history -> /history.json
::1 - - [06/Mar/2021:19:10:56 -0600] "POST /delete HTTP/1.1" 200 56195 4.4489
::1 - - [06/Mar/2021:19:10:48 CST] "POST /delete HTTP/1.1" 200 56195
http://localhost:4567/history -> /delete
::1 - - [06/Mar/2021:19:10:58 -0600] "GET /cstyle.css HTTP/1.1" 404 468 1.3312
::1 - - [06/Mar/2021:19:10:56 CST] "GET /cstyle.css HTTP/1.1" 404 468
http://localhost:4567/delete -> /cstyle.css
::1 - - [06/Mar/2021:19:10:58 -0600] "GET /css/lstyle.css HTTP/1.1" 200 232 0.6000
::1 - - [06/Mar/2021:19:10:57 CST] "GET /css/lstyle.css HTTP/1.1" 200 0
http://localhost:4567/delete -> /css/lstyle.css
::1 - - [06/Mar/2021:19:10:59 -0600] "GET /favicon.ico HTTP/1.1" 404 469 0.2353
::1 - - [06/Mar/2021:19:10:59 CST] "GET /favicon.ico HTTP/1.1" 404 0
- -> /favicon.ico
::1 - - [06/Mar/2021:19:11:00 -0600] "GET /history.json HTTP/1.1" 200 3448 0.0755
::1 - - [06/Mar/2021:19:11:00 CST] "GET /history.json HTTP/1.1" 200 3448
http://localhost:4567/delete -> /history.json
::1 - - [06/Mar/2021:19:12:48 -0600] "POST /delete HTTP/1.1" 200 54416 1.2213
::1 - - [06/Mar/2021:19:12:47 CST] "POST /delete HTTP/1.1" 200 54416
http://localhost:4567/delete -> /delete
::1 - - [06/Mar/2021:19:12:49 -0600] "GET /cstyle.css HTTP/1.1" 404 468 0.0151
::1 - - [06/Mar/2021:19:12:49 CST] "GET /cstyle.css HTTP/1.1" 404 468
http://localhost:4567/delete -> /cstyle.css
::1 - - [06/Mar/2021:19:12:49 -0600] "GET /css/lstyle.css HTTP/1.1" 200 232 0.0131
::1 - - [06/Mar/2021:19:12:49 CST] "GET /css/lstyle.css HTTP/1.1" 200 0
http://localhost:4567/delete -> /css/lstyle.css
::1 - - [06/Mar/2021:19:12:50 -0600] "GET /history.json HTTP/1.1" 200 3300 0.0007
::1 - - [06/Mar/2021:19:12:50 CST] "GET /history.json HTTP/1.1" 200 3300
http://localhost:4567/delete -> /history.json
::1 - - [06/Mar/2021:19:12:50 -0600] "GET /favicon.ico HTTP/1.1" 404 469 0.0358
::1 - - [06/Mar/2021:19:12:50 CST] "GET /favicon.ico HTTP/1.1" 404 0
- -> /favicon.ico
::1 - - [06/Mar/2021:19:12:58 -0600] "POST /history HTTP/1.1" 200 56167 0.0411
::1 - - [06/Mar/2021:19:12:58 CST] "POST /history HTTP/1.1" 200 56167
http://localhost:4567/delete -> /history
::1 - - [06/Mar/2021:19:12:58 -0600] "GET /css/lstyle.css HTTP/1.1" 200 232 0.0539
::1 - - [06/Mar/2021:19:12:58 CST] "GET /css/lstyle.css HTTP/1.1" 200 0
http://localhost:4567/history -> /css/lstyle.css
::1 - - [06/Mar/2021:19:12:58 -0600] "GET /cstyle.css HTTP/1.1" 404 468 0.0010
::1 - - [06/Mar/2021:19:12:58 CST] "GET /cstyle.css HTTP/1.1" 404 468
http://localhost:4567/history -> /cstyle.css
::1 - - [06/Mar/2021:19:12:59 -0600] "GET /history.json HTTP/1.1" 200 3420 0.0007
::1 - - [06/Mar/2021:19:12:59 CST] "GET /history.json HTTP/1.1" 200 3420
http://localhost:4567/history -> /history.json
::1 - - [06/Mar/2021:19:12:59 -0600] "GET /favicon.ico HTTP/1.1" 404 469 0.0009
::1 - - [06/Mar/2021:19:12:59 CST] "GET /favicon.ico HTTP/1.1" 404 0
- -> /favicon.ico
::1 - - [07/Mar/2021:01:01:39 -0600] "POST /history HTTP/1.1" 200 59701 0.5029
::1 - - [07/Mar/2021:01:01:38 CST] "POST /history HTTP/1.1" 200 59701
http://localhost:4567/history -> /history
::1 - - [07/Mar/2021:01:01:39 -0600] "GET /cstyle.css HTTP/1.1" 404 468 0.0008
::1 - - [07/Mar/2021:01:01:39 CST] "GET /cstyle.css HTTP/1.1" 404 468
http://localhost:4567/history -> /cstyle.css
::1 - - [07/Mar/2021:01:01:39 -0600] "GET /css/lstyle.css HTTP/1.1" 200 232 0.0681
::1 - - [07/Mar/2021:01:01:39 CST] "GET /css/lstyle.css HTTP/1.1" 200 0
http://localhost:4567/history -> /css/lstyle.css
::1 - - [07/Mar/2021:01:01:39 -0600] "GET /history.json HTTP/1.1" 200 3692 0.0531
::1 - - [07/Mar/2021:01:01:39 CST] "GET /history.json HTTP/1.1" 200 3692
http://localhost:4567/history -> /history.json
::1 - - [07/Mar/2021:01:01:40 -0600] "GET /favicon.ico HTTP/1.1" 404 469 0.0014
::1 - - [07/Mar/2021:01:01:40 CST] "GET /favicon.ico HTTP/1.1" 404 469
- -> /favicon.ico
::1 - - [07/Mar/2021:02:55:56 -0600] "POST /delete HTTP/1.1" 200 57852 0.1217
::1 - - [07/Mar/2021:02:55:56 CST] "POST /delete HTTP/1.1" 200 57852
http://localhost:4567/history -> /delete
::1 - - [07/Mar/2021:02:55:56 -0600] "GET /cstyle.css HTTP/1.1" 404 468 0.0010
::1 - - [07/Mar/2021:02:55:56 CST] "GET /cstyle.css HTTP/1.1" 404 468
http://localhost:4567/delete -> /cstyle.css
::1 - - [07/Mar/2021:02:55:56 -0600] "GET /css/lstyle.css HTTP/1.1" 200 232 0.0008
::1 - - [07/Mar/2021:02:55:56 CST] "GET /css/lstyle.css HTTP/1.1" 200 232
http://localhost:4567/delete -> /css/lstyle.css
::1 - - [07/Mar/2021:02:55:57 -0600] "GET /history.json HTTP/1.1" 200 3474 0.0007
::1 - - [07/Mar/2021:02:55:57 CST] "GET /history.json HTTP/1.1" 200 3474
http://localhost:4567/delete -> /history.json
::1 - - [07/Mar/2021:02:56:10 -0600] "GET / HTTP/1.1" 200 59711 0.0415
::1 - - [07/Mar/2021:02:56:10 CST] "GET / HTTP/1.1" 200 59711
http://localhost:4567/delete -> /
::1 - - [07/Mar/2021:02:56:11 -0600] "GET /cstyle.css HTTP/1.1" 404 468 0.0012
::1 - - [07/Mar/2021:02:56:11 CST] "GET /cstyle.css HTTP/1.1" 404 468
http://localhost:4567/ -> /cstyle.css
::1 - - [07/Mar/2021:02:56:11 -0600] "GET /history.json HTTP/1.1" 200 4053 0.0012
::1 - - [07/Mar/2021:02:56:11 CST] "GET /history.json HTTP/1.1" 200 4053
http://localhost:4567/ -> /history.json
::1 - - [07/Mar/2021:02:59:10 -0600] "GET / HTTP/1.1" 200 61472 0.1145
::1 - - [07/Mar/2021:02:59:10 CST] "GET / HTTP/1.1" 200 61472
http://localhost:4567/ -> /
::1 - - [07/Mar/2021:02:59:11 -0600] "GET /cstyle.css HTTP/1.1" 404 468 0.0008
::1 - - [07/Mar/2021:02:59:10 CST] "GET /cstyle.css HTTP/1.1" 404 468
http://localhost:4567/ -> /cstyle.css
::1 - - [07/Mar/2021:02:59:11 -0600] "GET /history.json HTTP/1.1" 200 4195 0.0007
::1 - - [07/Mar/2021:02:59:11 CST] "GET /history.json HTTP/1.1" 200 4195
http://localhost:4567/ -> /history.json
::1 - - [08/Mar/2021:00:07:46 -0600] "POST /delete HTTP/1.1" 200 59721 0.4701
::1 - - [08/Mar/2021:00:07:46 CST] "POST /delete HTTP/1.1" 200 59721
http://localhost:4567/ -> /delete
::1 - - [08/Mar/2021:00:07:47 -0600] "GET /cstyle.css HTTP/1.1" 404 468 0.1573
::1 - - [08/Mar/2021:00:07:47 CST] "GET /cstyle.css HTTP/1.1" 404 468
::1 - - [08/Mar/2021:00:07:47 -0600] "GET /css/lstyle.css HTTP/1.1" 200 232 0.2210
http://localhost:4567/delete -> /cstyle.css
::1 - - [08/Mar/2021:00:07:47 -0600] "GET /calendar.js HTTP/1.1" 200 6173 0.0077
::1 - - [08/Mar/2021:00:07:47 CST] "GET /css/lstyle.css HTTP/1.1" 200 232
http://localhost:4567/delete -> /css/lstyle.css
::1 - - [08/Mar/2021:00:07:47 CST] "GET /calendar.js HTTP/1.1" 200 6173
http://localhost:4567/delete -> /calendar.js
::1 - - [08/Mar/2021:00:07:48 -0600] "GET /history.json HTTP/1.1" 200 3712 0.0005
::1 - - [08/Mar/2021:00:07:48 CST] "GET /history.json HTTP/1.1" 200 3712
http://localhost:4567/delete -> /history.json
::1 - - [08/Mar/2021:00:07:48 -0600] "GET /favicon.ico HTTP/1.1" 404 469 0.0013
::1 - - [08/Mar/2021:00:07:48 CST] "GET /favicon.ico HTTP/1.1" 404 469
- -> /favicon.ico
::1 - - [08/Mar/2021:00:11:47 -0600] "POST /delete HTTP/1.1" 200 57956 0.0712
::1 - - [08/Mar/2021:00:11:47 CST] "POST /delete HTTP/1.1" 200 57956
http://localhost:4567/delete -> /delete
::1 - - [08/Mar/2021:00:11:47 -0600] "GET /cstyle.css HTTP/1.1" 404 468 0.0422
::1 - - [08/Mar/2021:00:11:47 CST] "GET /cstyle.css HTTP/1.1" 404 468
http://localhost:4567/delete -> /cstyle.css
::1 - - [08/Mar/2021:00:11:48 -0600] "GET /history.json HTTP/1.1" 200 3578 0.0005
::1 - - [08/Mar/2021:00:11:48 CST] "GET /history.json HTTP/1.1" 200 3578
http://localhost:4567/delete -> /history.json
::1 - - [08/Mar/2021:00:12:20 -0600] "POST /history HTTP/1.1" 200 59783 0.2248
::1 - - [08/Mar/2021:00:12:20 CST] "POST /history HTTP/1.1" 200 59783
http://localhost:4567/delete -> /history
::1 - - [08/Mar/2021:00:12:21 -0600] "GET /cstyle.css HTTP/1.1" 404 468 0.0154
::1 - - [08/Mar/2021:00:12:21 CST] "GET /cstyle.css HTTP/1.1" 404 468
http://localhost:4567/history -> /cstyle.css
::1 - - [08/Mar/2021:00:12:21 -0600] "GET /history.json HTTP/1.1" 200 3776 0.0131
::1 - - [08/Mar/2021:00:12:21 CST] "GET /history.json HTTP/1.1" 200 3776
http://localhost:4567/history -> /history.json
127.0.0.1 - - [08/Mar/2021:00:56:17 -0600] "POST /delete HTTP/1.1" 200 58023 0.0329
127.0.0.1 - - [08/Mar/2021:00:56:17 CST] "POST /delete HTTP/1.1" 200 58023
http://localhost:4567/history -> /delete
127.0.0.1 - - [08/Mar/2021:00:56:18 -0600] "GET /cstyle.css HTTP/1.1" 404 468 0.0010
127.0.0.1 - - [08/Mar/2021:00:56:18 CST] "GET /cstyle.css HTTP/1.1" 404 468
http://localhost:4567/delete -> /cstyle.css
127.0.0.1 - - [08/Mar/2021:00:56:18 -0600] "GET /history.json HTTP/1.1" 200 3647 0.0010
127.0.0.1 - - [08/Mar/2021:00:56:18 CST] "GET /history.json HTTP/1.1" 200 3647
http://localhost:4567/delete -> /history.json
127.0.0.1 - - [08/Mar/2021:00:56:18 -0600] "GET /favicon.ico HTTP/1.1" 404 469 0.0019
127.0.0.1 - - [08/Mar/2021:00:56:18 CST] "GET /favicon.ico HTTP/1.1" 404 0
- -> /favicon.ico
127.0.0.1 - - [08/Mar/2021:00:56:46 -0600] "POST /history HTTP/1.1" 200 59794 0.0087
127.0.0.1 - - [08/Mar/2021:00:56:46 CST] "POST /history HTTP/1.1" 200 59794
http://localhost:4567/delete -> /history
127.0.0.1 - - [08/Mar/2021:00:56:46 -0600] "GET /cstyle.css HTTP/1.1" 404 468 0.0009
127.0.0.1 - - [08/Mar/2021:00:56:46 CST] "GET /cstyle.css HTTP/1.1" 404 468
http://localhost:4567/history -> /cstyle.css
127.0.0.1 - - [08/Mar/2021:00:56:47 -0600] "GET /history.json HTTP/1.1" 200 3787 0.0005
127.0.0.1 - - [08/Mar/2021:00:56:47 CST] "GET /history.json HTTP/1.1" 200 3787
http://localhost:4567/history -> /history.json
127.0.0.1 - - [08/Mar/2021:01:40:36 -0600] "POST /history HTTP/1.1" 200 61537 0.0311
127.0.0.1 - - [08/Mar/2021:01:40:36 CST] "POST /history HTTP/1.1" 200 61537
http://localhost:4567/history -> /history
127.0.0.1 - - [08/Mar/2021:01:40:36 -0600] "GET /cstyle.css HTTP/1.1" 404 468 0.0014
127.0.0.1 - - [08/Mar/2021:01:40:36 CST] "GET /cstyle.css HTTP/1.1" 404 468
http://localhost:4567/history -> /cstyle.css
127.0.0.1 - - [08/Mar/2021:01:40:36 -0600] "GET /history.json HTTP/1.1" 200 3899 0.0009
127.0.0.1 - - [08/Mar/2021:01:40:36 CST] "GET /history.json HTTP/1.1" 200 3899
http://localhost:4567/history -> /history.json
127.0.0.1 - - [08/Mar/2021:01:40:36 -0600] "GET /favicon.ico HTTP/1.1" 404 469 0.0007
127.0.0.1 - - [08/Mar/2021:01:40:36 CST] "GET /favicon.ico HTTP/1.1" 404 0
- -> /favicon.ico
127.0.0.1 - - [08/Mar/2021:01:50:18 -0600] "POST /history HTTP/1.1" 200 63752 0.2873
127.0.0.1 - - [08/Mar/2021:01:50:18 CST] "POST /history HTTP/1.1" 200 63752
http://localhost:4567/history -> /history
127.0.0.1 - - [08/Mar/2021:01:50:18 -0600] "GET /cstyle.css HTTP/1.1" 404 468 0.0013
127.0.0.1 - - [08/Mar/2021:01:50:18 CST] "GET /cstyle.css HTTP/1.1" 404 468
http://localhost:4567/history -> /cstyle.css
127.0.0.1 - - [08/Mar/2021:01:50:19 -0600] "GET /history.json HTTP/1.1" 200 4489 0.0008
127.0.0.1 - - [08/Mar/2021:01:50:19 CST] "GET /history.json HTTP/1.1" 200 4489
http://localhost:4567/history -> /history.json
127.0.0.1 - - [08/Mar/2021:02:36:26 -0600] "GET / HTTP/1.1" 200 63752 0.0719
127.0.0.1 - - [08/Mar/2021:02:36:26 CST] "GET / HTTP/1.1" 200 63752
http://localhost:4567/history -> /
127.0.0.1 - - [08/Mar/2021:02:36:26 -0600] "GET /cstyle.css HTTP/1.1" 404 468 0.0009
127.0.0.1 - - [08/Mar/2021:02:36:26 CST] "GET /cstyle.css HTTP/1.1" 404 468
http://localhost:4567/ -> /cstyle.css
127.0.0.1 - - [08/Mar/2021:02:36:26 -0600] "GET /history.json HTTP/1.1" 200 4489 0.0046
127.0.0.1 - - [08/Mar/2021:02:36:26 CST] "GET /history.json HTTP/1.1" 200 4489
http://localhost:4567/ -> /history.json
127.0.0.1 - - [08/Mar/2021:02:36:26 -0600] "GET /favicon.ico HTTP/1.1" 404 469 0.0008
127.0.0.1 - - [08/Mar/2021:02:36:26 CST] "GET /favicon.ico HTTP/1.1" 404 469
- -> /favicon.ico
127.0.0.1 - - [08/Mar/2021:02:36:28 -0600] "GET /history HTTP/1.1" 200 50054 0.1667
127.0.0.1 - - [08/Mar/2021:02:36:28 CST] "GET /history HTTP/1.1" 200 50054
http://localhost:4567/ -> /history
127.0.0.1 - - [08/Mar/2021:02:36:28 -0600] "GET /cstyle.css HTTP/1.1" 404 468 0.0079
127.0.0.1 - - [08/Mar/2021:02:36:28 CST] "GET /cstyle.css HTTP/1.1" 404 468
http://localhost:4567/history -> /cstyle.css
127.0.0.1 - - [08/Mar/2021:02:36:28 -0600] "GET /favicon.ico HTTP/1.1" 404 469 0.0010
127.0.0.1 - - [08/Mar/2021:02:36:28 CST] "GET /favicon.ico HTTP/1.1" 404 0
- -> /favicon.ico
127.0.0.1 - - [08/Mar/2021:02:36:32 -0600] "GET / HTTP/1.1" 200 63752 0.0053
127.0.0.1 - - [08/Mar/2021:02:36:32 CST] "GET / HTTP/1.1" 200 63752
http://localhost:4567/history -> /
127.0.0.1 - - [08/Mar/2021:02:36:33 -0600] "GET /cstyle.css HTTP/1.1" 404 468 0.0293
127.0.0.1 - - [08/Mar/2021:02:36:33 CST] "GET /cstyle.css HTTP/1.1" 404 468
http://localhost:4567/ -> /cstyle.css
127.0.0.1 - - [08/Mar/2021:02:36:46 -0600] "GET / HTTP/1.1" 200 63752 0.0063
127.0.0.1 - - [08/Mar/2021:02:36:46 CST] "GET / HTTP/1.1" 200 63752
http://localhost:4567/ -> /
127.0.0.1 - - [08/Mar/2021:02:36:47 -0600] "GET /cstyle.css HTTP/1.1" 404 468 0.0056
127.0.0.1 - - [08/Mar/2021:02:36:46 CST] "GET /cstyle.css HTTP/1.1" 404 468
http://localhost:4567/ -> /cstyle.css
127.0.0.1 - - [08/Mar/2021:02:37:02 -0600] "GET / HTTP/1.1" 200 63752 0.0054
127.0.0.1 - - [08/Mar/2021:02:37:02 CST] "GET / HTTP/1.1" 200 63752
http://localhost:4567/ -> /
127.0.0.1 - - [08/Mar/2021:02:37:02 -0600] "GET /cstyle.css HTTP/1.1" 404 468 0.0346
127.0.0.1 - - [08/Mar/2021:02:37:02 CST] "GET /cstyle.css HTTP/1.1" 404 468
http://localhost:4567/ -> /cstyle.css
127.0.0.1 - - [08/Mar/2021:21:39:14 -0600] "POST /delete HTTP/1.1" 200 63756 4.2985
127.0.0.1 - - [08/Mar/2021:21:39:07 CST] "POST /delete HTTP/1.1" 200 63756
http://localhost:4567/ -> /delete
127.0.0.1 - - [08/Mar/2021:21:39:16 -0600] "GET /css/lstyle.css HTTP/1.1" 200 232 1.5991
127.0.0.1 - - [08/Mar/2021:21:39:17 -0600] "GET /cstyle.css HTTP/1.1" 404 468 0.8205
127.0.0.1 - - [08/Mar/2021:21:39:15 CST] "GET /css/lstyle.css HTTP/1.1" 200 0
http://localhost:4567/delete -> /css/lstyle.css
127.0.0.1 - - [08/Mar/2021:21:39:16 CST] "GET /cstyle.css HTTP/1.1" 404 468
http://localhost:4567/delete -> /cstyle.css
127.0.0.1 - - [08/Mar/2021:21:39:19 -0600] "GET /favicon.ico HTTP/1.1" 404 469 0.1144
127.0.0.1 - - [08/Mar/2021:21:39:19 CST] "GET /favicon.ico HTTP/1.1" 404 469
- -> /favicon.ico
127.0.0.1 - - [08/Mar/2021:21:39:20 -0600] "GET /history.json HTTP/1.1" 200 4493 0.0612
127.0.0.1 - - [08/Mar/2021:21:39:20 CST] "GET /history.json HTTP/1.1" 200 4493
http://localhost:4567/delete -> /history.json
127.0.0.1 - - [08/Mar/2021:21:40:01 -0600] "POST /history HTTP/1.1" 200 65507 0.3174
127.0.0.1 - - [08/Mar/2021:21:39:59 CST] "POST /history HTTP/1.1" 200 65507
http://localhost:4567/delete -> /history
127.0.0.1 - - [08/Mar/2021:21:40:01 -0600] "GET /cstyle.css HTTP/1.1" 404 468 0.0759
127.0.0.1 - - [08/Mar/2021:21:40:01 CST] "GET /cstyle.css HTTP/1.1" 404 468
http://localhost:4567/history -> /cstyle.css
127.0.0.1 - - [08/Mar/2021:21:40:01 -0600] "GET /css/lstyle.css HTTP/1.1" 200 232 0.0176
127.0.0.1 - - [08/Mar/2021:21:40:01 CST] "GET /css/lstyle.css HTTP/1.1" 200 0
http://localhost:4567/history -> /css/lstyle.css
127.0.0.1 - - [08/Mar/2021:21:40:02 -0600] "GET /history.json HTTP/1.1" 200 4613 0.0613
127.0.0.1 - - [08/Mar/2021:21:40:01 CST] "GET /history.json HTTP/1.1" 200 4613
http://localhost:4567/history -> /history.json
127.0.0.1 - - [08/Mar/2021:21:40:02 -0600] "GET /favicon.ico HTTP/1.1" 404 469 0.0008
127.0.0.1 - - [08/Mar/2021:21:40:02 CST] "GET /favicon.ico HTTP/1.1" 404 0
- -> /favicon.ico
127.0.0.1 - - [08/Mar/2021:21:40:28 -0600] "POST /delete HTTP/1.1" 200 63754 0.1733
127.0.0.1 - - [08/Mar/2021:21:40:28 CST] "POST /delete HTTP/1.1" 200 63754
http://localhost:4567/history -> /delete
127.0.0.1 - - [08/Mar/2021:21:40:28 -0600] "GET /cstyle.css HTTP/1.1" 404 468 0.0008
127.0.0.1 - - [08/Mar/2021:21:40:28 CST] "GET /cstyle.css HTTP/1.1" 404 468
http://localhost:4567/delete -> /cstyle.css
127.0.0.1 - - [08/Mar/2021:21:40:29 -0600] "GET /history.json HTTP/1.1" 200 4491 0.0006
127.0.0.1 - - [08/Mar/2021:21:40:29 CST] "GET /history.json HTTP/1.1" 200 4491
http://localhost:4567/delete -> /history.json
127.0.0.1 - - [08/Mar/2021:21:42:06 -0600] "POST /delete HTTP/1.1" 200 63751 0.1295
127.0.0.1 - - [08/Mar/2021:21:42:06 CST] "POST /delete HTTP/1.1" 200 63751
http://localhost:4567/delete -> /delete
127.0.0.1 - - [08/Mar/2021:21:42:06 -0600] "GET /cstyle.css HTTP/1.1" 404 468 0.0011
127.0.0.1 - - [08/Mar/2021:21:42:06 CST] "GET /cstyle.css HTTP/1.1" 404 468
http://localhost:4567/delete -> /cstyle.css
127.0.0.1 - - [08/Mar/2021:21:42:07 -0600] "GET /history.json HTTP/1.1" 200 4488 0.0005
127.0.0.1 - - [08/Mar/2021:21:42:07 CST] "GET /history.json HTTP/1.1" 200 4488
http://localhost:4567/delete -> /history.json
127.0.0.1 - - [08/Mar/2021:21:42:07 -0600] "GET /favicon.ico HTTP/1.1" 404 469 0.0099
127.0.0.1 - - [08/Mar/2021:21:42:07 CST] "GET /favicon.ico HTTP/1.1" 404 0
- -> /favicon.ico
127.0.0.1 - - [08/Mar/2021:21:47:26 -0600] "POST /delete HTTP/1.1" 200 63668 0.0556
127.0.0.1 - - [08/Mar/2021:21:47:26 CST] "POST /delete HTTP/1.1" 200 63668
http://localhost:4567/delete -> /delete
127.0.0.1 - - [08/Mar/2021:21:47:26 -0600] "GET /cstyle.css HTTP/1.1" 404 468 0.0009
127.0.0.1 - - [08/Mar/2021:21:47:26 CST] "GET /cstyle.css HTTP/1.1" 404 468
http://localhost:4567/delete -> /cstyle.css
127.0.0.1 - - [08/Mar/2021:21:47:26 -0600] "GET /history.json HTTP/1.1" 200 4405 0.0008
127.0.0.1 - - [08/Mar/2021:21:47:26 CST] "GET /history.json HTTP/1.1" 200 4405
http://localhost:4567/delete -> /history.json
127.0.0.1 - - [08/Mar/2021:21:47:26 -0600] "GET /favicon.ico HTTP/1.1" 404 469 0.0118
127.0.0.1 - - [08/Mar/2021:21:47:26 CST] "GET /favicon.ico HTTP/1.1" 404 0
- -> /favicon.ico
127.0.0.1 - - [08/Mar/2021:22:07:48 -0600] "GET / HTTP/1.1" 200 63668 0.0627
127.0.0.1 - - [08/Mar/2021:22:07:48 CST] "GET / HTTP/1.1" 200 63668
http://localhost:4567/delete -> /
127.0.0.1 - - [08/Mar/2021:22:07:48 -0600] "GET /cstyle.css HTTP/1.1" 404 468 0.0023
127.0.0.1 - - [08/Mar/2021:22:07:48 CST] "GET /cstyle.css HTTP/1.1" 404 468
http://localhost:4567/ -> /cstyle.css
127.0.0.1 - - [08/Mar/2021:22:07:49 -0600] "GET /history.json HTTP/1.1" 200 4405 0.0085
127.0.0.1 - - [08/Mar/2021:22:07:49 CST] "GET /history.json HTTP/1.1" 200 4405
http://localhost:4567/ -> /history.json
127.0.0.1 - - [08/Mar/2021:22:07:49 -0600] "GET /favicon.ico HTTP/1.1" 404 469 0.0008
127.0.0.1 - - [08/Mar/2021:22:07:49 CST] "GET /favicon.ico HTTP/1.1" 404 0
- -> /favicon.ico
