
::1 - - [01/Feb/2021:20:46:41 -0600] "GET /history HTTP/1.1" 200 15441 6.2475
::1 - - [01/Feb/2021:20:46:33 CST] "GET /history HTTP/1.1" 200 15441
- -> /history
::1 - - [01/Feb/2021:20:46:41 -0600] "GET /cstyle.css HTTP/1.1" 404 468 0.1399
::1 - - [01/Feb/2021:20:46:41 -0600] "GET /calendar.js HTTP/1.1" 200 6173 0.2155
::1 - - [01/Feb/2021:20:46:41 CST] "GET /cstyle.css HTTP/1.1" 404 468
http://localhost:4567/history -> /cstyle.css
::1 - - [01/Feb/2021:20:46:41 -0600] "GET /css/lstyle.css HTTP/1.1" 200 232 0.2370
::1 - - [01/Feb/2021:20:46:41 CST] "GET /calendar.js HTTP/1.1" 200 6173
::1 - - [01/Feb/2021:20:46:41 CST] "GET /css/lstyle.css HTTP/1.1" 200 232
http://localhost:4567/history -> /css/lstyle.css
http://localhost:4567/history -> /calendar.js
::1 - - [01/Feb/2021:20:46:42 -0600] "GET /history.json HTTP/1.1" 200 745 0.0011
::1 - - [01/Feb/2021:20:46:42 CST] "GET /history.json HTTP/1.1" 200 745
http://localhost:4567/history -> /history.json
::1 - - [01/Feb/2021:20:46:42 -0600] "GET /favicon.ico HTTP/1.1" 404 469 0.0122
::1 - - [01/Feb/2021:20:46:42 CST] "GET /favicon.ico HTTP/1.1" 404 469
- -> /favicon.ico
::1 - - [01/Feb/2021:20:47:29 -0600] "POST /delete HTTP/1.1" 200 17473 0.0495
::1 - - [01/Feb/2021:20:47:29 CST] "POST /delete HTTP/1.1" 200 17473
http://localhost:4567/history -> /delete
::1 - - [01/Feb/2021:20:47:30 -0600] "GET /cstyle.css HTTP/1.1" 404 468 0.0136
::1 - - [01/Feb/2021:20:47:30 CST] "GET /cstyle.css HTTP/1.1" 404 468
http://localhost:4567/delete -> /cstyle.css
::1 - - [01/Feb/2021:20:47:35 -0600] "GET / HTTP/1.1" 200 17473 0.0042
::1 - - [01/Feb/2021:20:47:35 CST] "GET / HTTP/1.1" 200 17473
http://localhost:4567/delete -> /
::1 - - [01/Feb/2021:20:47:36 -0600] "GET /cstyle.css HTTP/1.1" 404 468 0.0009
::1 - - [01/Feb/2021:20:47:36 CST] "GET /cstyle.css HTTP/1.1" 404 468
http://localhost:4567/ -> /cstyle.css
::1 - - [01/Feb/2021:20:47:38 -0600] "GET / HTTP/1.1" 200 17473 0.0041
::1 - - [01/Feb/2021:20:47:38 CST] "GET / HTTP/1.1" 200 17473
http://localhost:4567/ -> /
::1 - - [01/Feb/2021:20:47:38 -0600] "GET /cstyle.css HTTP/1.1" 404 468 0.0008
::1 - - [01/Feb/2021:20:47:38 CST] "GET /cstyle.css HTTP/1.1" 404 468
http://localhost:4567/ -> /cstyle.css
::1 - - [01/Feb/2021:20:47:43 -0600] "GET / HTTP/1.1" 200 17473 0.0047
::1 - - [01/Feb/2021:20:47:43 CST] "GET / HTTP/1.1" 200 17473
http://localhost:4567/ -> /
::1 - - [01/Feb/2021:20:47:43 -0600] "GET /cstyle.css HTTP/1.1" 404 468 0.0010
::1 - - [01/Feb/2021:20:47:43 CST] "GET /cstyle.css HTTP/1.1" 404 468
http://localhost:4567/ -> /cstyle.css
::1 - - [01/Feb/2021:20:47:45 -0600] "GET / HTTP/1.1" 200 17473 0.0049
::1 - - [01/Feb/2021:20:47:45 CST] "GET / HTTP/1.1" 200 17473
- -> /
::1 - - [01/Feb/2021:20:47:45 -0600] "GET /cstyle.css HTTP/1.1" 404 468 0.0007
::1 - - [01/Feb/2021:20:47:45 CST] "GET /cstyle.css HTTP/1.1" 404 468
http://localhost:4567/ -> /cstyle.css
::1 - - [01/Feb/2021:20:47:56 -0600] "GET / HTTP/1.1" 200 17473 0.0038
::1 - - [01/Feb/2021:20:47:56 CST] "GET / HTTP/1.1" 200 17473
- -> /
::1 - - [01/Feb/2021:20:47:56 -0600] "GET /css/lstyle.css HTTP/1.1" 200 232 0.0008
::1 - - [01/Feb/2021:20:47:56 CST] "GET /css/lstyle.css HTTP/1.1" 200 232
http://localhost:4567/ -> /css/lstyle.css
::1 - - [01/Feb/2021:20:47:56 -0600] "GET /cstyle.css HTTP/1.1" 404 468 0.0010
::1 - - [01/Feb/2021:20:47:56 CST] "GET /cstyle.css HTTP/1.1" 404 468
http://localhost:4567/ -> /cstyle.css
::1 - - [01/Feb/2021:20:47:56 -0600] "GET /calendar.js HTTP/1.1" 200 6173 0.0007
::1 - - [01/Feb/2021:20:47:56 CST] "GET /calendar.js HTTP/1.1" 200 6173
http://localhost:4567/ -> /calendar.js
::1 - - [01/Feb/2021:20:47:56 -0600] "GET /history.json HTTP/1.1" 200 610 0.0005
::1 - - [01/Feb/2021:20:47:56 CST] "GET /history.json HTTP/1.1" 200 610
http://localhost:4567/ -> /history.json
::1 - - [01/Feb/2021:20:47:56 -0600] "GET /favicon.ico HTTP/1.1" 404 469 0.0006
::1 - - [01/Feb/2021:20:47:56 CST] "GET /favicon.ico HTTP/1.1" 404 469
- -> /favicon.ico
::1 - - [01/Feb/2021:20:48:09 -0600] "POST /history HTTP/1.1" 200 19222 0.0403
::1 - - [01/Feb/2021:20:48:09 CST] "POST /history HTTP/1.1" 200 19222
http://localhost:4567/ -> /history
::1 - - [01/Feb/2021:20:48:09 -0600] "GET /cstyle.css HTTP/1.1" 404 468 0.0008
::1 - - [01/Feb/2021:20:48:09 CST] "GET /cstyle.css HTTP/1.1" 404 468
http://localhost:4567/history -> /cstyle.css
::1 - - [01/Feb/2021:20:48:09 -0600] "GET /history.json HTTP/1.1" 200 728 0.0007
::1 - - [01/Feb/2021:20:48:09 CST] "GET /history.json HTTP/1.1" 200 728
http://localhost:4567/history -> /history.json
::1 - - [01/Feb/2021:20:50:59 -0600] "GET / HTTP/1.1" 200 19222 0.0044
::1 - - [01/Feb/2021:20:50:59 CST] "GET / HTTP/1.1" 200 19222
- -> /
::1 - - [01/Feb/2021:20:50:59 -0600] "GET /cstyle.css HTTP/1.1" 404 468 0.0014
::1 - - [01/Feb/2021:20:50:59 CST] "GET /cstyle.css HTTP/1.1" 404 468
http://localhost:4567/ -> /cstyle.css
::1 - - [01/Feb/2021:20:50:59 -0600] "GET /history.json HTTP/1.1" 304 - 0.0007
::1 - - [01/Feb/2021:20:50:59 CST] "GET /history.json HTTP/1.1" 304 0
http://localhost:4567/ -> /history.json
::1 - - [05/Feb/2021:01:47:49 -0600] "GET / HTTP/1.1" 200 19222 1.6348
::1 - - [05/Feb/2021:01:47:47 CST] "GET / HTTP/1.1" 200 19222
- -> /
::1 - - [05/Feb/2021:01:47:50 -0600] "GET /css/lstyle.css HTTP/1.1" 200 232 0.3109
::1 - - [05/Feb/2021:01:47:50 -0600] "GET /calendar.js HTTP/1.1" 200 6173 0.4038
::1 - - [05/Feb/2021:01:47:50 CST] "GET /css/lstyle.css HTTP/1.1" 200 232
http://localhost:4567/ -> /css/lstyle.css
::1 - - [05/Feb/2021:01:47:50 CST] "GET /calendar.js HTTP/1.1" 200 6173
http://localhost:4567/ -> /calendar.js
::1 - - [05/Feb/2021:01:47:51 -0600] "GET /cstyle.css HTTP/1.1" 404 468 0.1237
::1 - - [05/Feb/2021:01:47:51 CST] "GET /cstyle.css HTTP/1.1" 404 468
http://localhost:4567/ -> /cstyle.css
::1 - - [05/Feb/2021:01:47:51 -0600] "GET /history.json HTTP/1.1" 200 728 0.0264
::1 - - [05/Feb/2021:01:47:51 CST] "GET /history.json HTTP/1.1" 200 728
http://localhost:4567/ -> /history.json
::1 - - [05/Feb/2021:01:47:52 -0600] "GET /favicon.ico HTTP/1.1" 404 469 0.0018
::1 - - [05/Feb/2021:01:47:52 CST] "GET /favicon.ico HTTP/1.1" 404 469
- -> /favicon.ico
::1 - - [05/Feb/2021:01:48:12 -0600] "POST /history HTTP/1.1" 200 20968 0.2320
::1 - - [05/Feb/2021:01:48:12 CST] "POST /history HTTP/1.1" 200 20968
http://localhost:4567/ -> /history
::1 - - [05/Feb/2021:01:48:12 -0600] "GET /cstyle.css HTTP/1.1" 404 468 0.0063
::1 - - [05/Feb/2021:01:48:12 CST] "GET /cstyle.css HTTP/1.1" 404 468
http://localhost:4567/history -> /cstyle.css
::1 - - [05/Feb/2021:01:48:52 -0600] "POST /history HTTP/1.1" 200 22721 0.2679
::1 - - [05/Feb/2021:01:48:51 CST] "POST /history HTTP/1.1" 200 22721
http://localhost:4567/history -> /history
::1 - - [05/Feb/2021:01:48:52 -0600] "GET /cstyle.css HTTP/1.1" 404 468 0.0240
::1 - - [05/Feb/2021:01:48:52 CST] "GET /cstyle.css HTTP/1.1" 404 468
http://localhost:4567/history -> /cstyle.css
::1 - - [05/Feb/2021:01:57:13 -0600] "POST /history HTTP/1.1" 200 24464 0.0578
::1 - - [05/Feb/2021:01:57:13 CST] "POST /history HTTP/1.1" 200 24464
http://localhost:4567/history -> /history
::1 - - [05/Feb/2021:01:57:13 -0600] "GET /calendar.js HTTP/1.1" 200 6173 0.0008
::1 - - [05/Feb/2021:01:57:13 -0600] "GET /cstyle.css HTTP/1.1" 404 468 0.0647
::1 - - [05/Feb/2021:01:57:13 CST] "GET /cstyle.css HTTP/1.1" 404 468
http://localhost:4567/history -> /cstyle.css
::1 - - [05/Feb/2021:01:57:13 CST] "GET /calendar.js HTTP/1.1" 200 0
http://localhost:4567/history -> /calendar.js
::1 - - [05/Feb/2021:01:57:13 -0600] "GET /history.json HTTP/1.1" 200 1077 0.0006
::1 - - [05/Feb/2021:01:57:13 CST] "GET /history.json HTTP/1.1" 200 0
http://localhost:4567/history -> /history.json
::1 - - [05/Feb/2021:01:57:14 -0600] "GET /favicon.ico HTTP/1.1" 404 469 0.0011
::1 - - [05/Feb/2021:01:57:13 CST] "GET /favicon.ico HTTP/1.1" 404 0
- -> /favicon.ico
::1 - - [06/Feb/2021:01:41:35 -0600] "POST /history HTTP/1.1" 200 26202 0.1604
::1 - - [06/Feb/2021:01:41:35 CST] "POST /history HTTP/1.1" 200 26202
http://localhost:4567/history -> /history
::1 - - [06/Feb/2021:01:41:35 -0600] "GET /cstyle.css HTTP/1.1" 404 468 0.0013
::1 - - [06/Feb/2021:01:41:35 CST] "GET /cstyle.css HTTP/1.1" 404 468
http://localhost:4567/history -> /cstyle.css
::1 - - [06/Feb/2021:01:41:35 -0600] "GET /css/lstyle.css HTTP/1.1" 200 232 0.0632
::1 - - [06/Feb/2021:01:41:35 CST] "GET /css/lstyle.css HTTP/1.1" 200 232
http://localhost:4567/history -> /css/lstyle.css
::1 - - [06/Feb/2021:01:41:35 -0600] "GET /calendar.js HTTP/1.1" 304 - 0.0032
::1 - - [06/Feb/2021:01:41:35 CST] "GET /calendar.js HTTP/1.1" 304 0
http://localhost:4567/history -> /calendar.js
::1 - - [06/Feb/2021:01:41:36 -0600] "GET /history.json HTTP/1.1" 200 1184 0.0008
::1 - - [06/Feb/2021:01:41:36 CST] "GET /history.json HTTP/1.1" 200 1184
http://localhost:4567/history -> /history.json
::1 - - [06/Feb/2021:01:41:36 -0600] "GET /favicon.ico HTTP/1.1" 404 469 0.0015
::1 - - [06/Feb/2021:01:41:36 CST] "GET /favicon.ico HTTP/1.1" 404 469
- -> /favicon.ico
[2021-03-08 22:22:41] INFO  WEBrick 1.4.2
[2021-03-08 22:22:41] INFO  ruby 2.5.5 (2019-03-15) [x86_64-linux-gnu]
== Sinatra (v2.1.0) has taken the stage on 4567 for development with backup from WEBrick
[2021-03-08 22:22:41] INFO  WEBrick::HTTPServer#start: pid=12823 port=4567
127.0.0.1 - - [08/Mar/2021:22:22:45 -0600] "GET / HTTP/1.1" 200 64687 0.0669
127.0.0.1 - - [08/Mar/2021:22:22:45 CST] "GET / HTTP/1.1" 200 64687
- -> /
127.0.0.1 - - [08/Mar/2021:22:22:46 -0600] "GET /cstyle.css HTTP/1.1" 404 468 0.0014
127.0.0.1 - - [08/Mar/2021:22:22:46 CST] "GET /cstyle.css HTTP/1.1" 404 468
http://localhost:4567/ -> /cstyle.css
127.0.0.1 - - [08/Mar/2021:22:22:46 -0600] "GET /css/lstyle.css HTTP/1.1" 200 232 0.0213
127.0.0.1 - - [08/Mar/2021:22:22:46 CST] "GET /css/lstyle.css HTTP/1.1" 200 0
http://localhost:4567/ -> /css/lstyle.css
127.0.0.1 - - [08/Mar/2021:22:22:46 -0600] "GET /history.json HTTP/1.1" 200 4405 0.0009
127.0.0.1 - - [08/Mar/2021:22:22:46 CST] "GET /history.json HTTP/1.1" 200 4405
http://localhost:4567/ -> /history.json
127.0.0.1 - - [08/Mar/2021:22:22:46 -0600] "GET /favicon.ico HTTP/1.1" 404 469 0.0009
127.0.0.1 - - [08/Mar/2021:22:22:46 CST] "GET /favicon.ico HTTP/1.1" 404 0
- -> /favicon.ico
== Sinatra has ended his set (crowd applauds)
[2021-03-08 22:24:35] INFO  going to shutdown ...
[2021-03-08 22:24:35] INFO  WEBrick::HTTPServer#start done.
[2021-03-08 22:24:39] INFO  WEBrick 1.4.2
[2021-03-08 22:24:39] INFO  ruby 2.5.5 (2019-03-15) [x86_64-linux-gnu]
== Sinatra (v2.1.0) has taken the stage on 4567 for development with backup from WEBrick
[2021-03-08 22:24:39] INFO  WEBrick::HTTPServer#start: pid=12923 port=4567
127.0.0.1 - - [08/Mar/2021:22:24:54 -0600] "GET / HTTP/1.1" 200 65276 0.0138
127.0.0.1 - - [08/Mar/2021:22:24:54 CST] "GET / HTTP/1.1" 200 65276
- -> /
127.0.0.1 - - [08/Mar/2021:22:24:54 -0600] "GET /cstyle.css HTTP/1.1" 404 468 0.0009
127.0.0.1 - - [08/Mar/2021:22:24:54 CST] "GET /cstyle.css HTTP/1.1" 404 468
http://localhost:4567/ -> /cstyle.css
127.0.0.1 - - [08/Mar/2021:22:24:54 -0600] "GET /css/lstyle.css HTTP/1.1" 200 232 0.0251
127.0.0.1 - - [08/Mar/2021:22:24:54 CST] "GET /css/lstyle.css HTTP/1.1" 200 0
http://localhost:4567/ -> /css/lstyle.css
== Sinatra has ended his set (crowd applauds)
[2021-03-08 22:26:03] INFO  going to shutdown ...
[2021-03-08 22:26:03] INFO  WEBrick::HTTPServer#start done.
[2021-03-08 22:26:05] INFO  WEBrick 1.4.2
[2021-03-08 22:26:05] INFO  ruby 2.5.5 (2019-03-15) [x86_64-linux-gnu]
== Sinatra (v2.1.0) has taken the stage on 4567 for development with backup from WEBrick
[2021-03-08 22:26:05] INFO  WEBrick::HTTPServer#start: pid=12989 port=4567
127.0.0.1 - - [08/Mar/2021:22:26:09 -0600] "GET / HTTP/1.1" 200 66764 0.0119
127.0.0.1 - - [08/Mar/2021:22:26:09 CST] "GET / HTTP/1.1" 200 66764
- -> /
127.0.0.1 - - [08/Mar/2021:22:26:09 -0600] "GET /cstyle.css HTTP/1.1" 404 468 0.0011
127.0.0.1 - - [08/Mar/2021:22:26:09 CST] "GET /cstyle.css HTTP/1.1" 404 468
http://localhost:4567/ -> /cstyle.css
== Sinatra has ended his set (crowd applauds)
[2021-03-08 22:28:17] INFO  going to shutdown ...
[2021-03-08 22:28:17] INFO  WEBrick::HTTPServer#start done.
